[0.738s] Invoking command in '/home/baehh/ros2_ws/src/py_pubsub': PYTHONPATH=/home/baehh/ros2_ws/build/py_pubsub/prefix_override:/usr/lib/python3/dist-packages/colcon_core/task/python/colcon_distutils_commands:/home/baehh/ros2_ws/install/py_pubsub/lib/python3.10/site-packages:${PYTHONPATH} /usr/bin/python3 -W ignore:setup.py install is deprecated -W ignore:easy_install command is deprecated setup.py egg_info --egg-base ../../build/py_pubsub build --build-base /home/baehh/ros2_ws/build/py_pubsub/build install --record /home/baehh/ros2_ws/build/py_pubsub/install.log --single-version-externally-managed install_data
[1.126s] running egg_info
[1.126s] writing ../../build/py_pubsub/py_pubsub.egg-info/PKG-INFO
[1.134s] writing dependency_links to ../../build/py_pubsub/py_pubsub.egg-info/dependency_links.txt
[1.134s] writing entry points to ../../build/py_pubsub/py_pubsub.egg-info/entry_points.txt
[1.134s] writing requirements to ../../build/py_pubsub/py_pubsub.egg-info/requires.txt
[1.134s] writing top-level names to ../../build/py_pubsub/py_pubsub.egg-info/top_level.txt
[1.139s] reading manifest file '../../build/py_pubsub/py_pubsub.egg-info/SOURCES.txt'
[1.141s] writing manifest file '../../build/py_pubsub/py_pubsub.egg-info/SOURCES.txt'
[1.141s] running build
[1.142s] running build_py
[1.153s] running install
[1.153s] running install_lib
[1.159s] running install_data
[1.164s] running install_egg_info
[1.184s] removing '/home/baehh/ros2_ws/install/py_pubsub/lib/python3.10/site-packages/py_pubsub-0.0.0-py3.10.egg-info' (and everything under it)
[1.184s] Copying ../../build/py_pubsub/py_pubsub.egg-info to /home/baehh/ros2_ws/install/py_pubsub/lib/python3.10/site-packages/py_pubsub-0.0.0-py3.10.egg-info
[1.189s] running install_scripts
[1.251s] Installing listener script to /home/baehh/ros2_ws/install/py_pubsub/lib/py_pubsub
[1.258s] Installing talker script to /home/baehh/ros2_ws/install/py_pubsub/lib/py_pubsub
[1.259s] writing list of installed files to '/home/baehh/ros2_ws/build/py_pubsub/install.log'
[1.347s] Invoked command in '/home/baehh/ros2_ws/src/py_pubsub' returned '0': PYTHONPATH=/home/baehh/ros2_ws/build/py_pubsub/prefix_override:/usr/lib/python3/dist-packages/colcon_core/task/python/colcon_distutils_commands:/home/baehh/ros2_ws/install/py_pubsub/lib/python3.10/site-packages:${PYTHONPATH} /usr/bin/python3 -W ignore:setup.py install is deprecated -W ignore:easy_install command is deprecated setup.py egg_info --egg-base ../../build/py_pubsub build --build-base /home/baehh/ros2_ws/build/py_pubsub/build install --record /home/baehh/ros2_ws/build/py_pubsub/install.log --single-version-externally-managed install_data
