[0.224s] DEBUG:colcon:Command line arguments: ['/usr/bin/colcon', 'build', '--symlink-install']
[0.224s] DEBUG:colcon:Parsed command line arguments: Namespace(log_base=None, log_level=None, verb_name='build', build_base='build', install_base='install', merge_install=False, symlink_install=True, test_result_base=None, continue_on_error=False, executor='parallel', parallel_workers=8, event_handlers=None, ignore_user_meta=False, metas=['./colcon.meta'], base_paths=['.'], packages_ignore=None, packages_ignore_regex=None, paths=None, packages_up_to=None, packages_up_to_regex=None, packages_above=None, packages_above_and_dependencies=None, packages_above_depth=None, packages_select_by_dep=None, packages_skip_by_dep=None, packages_skip_up_to=None, packages_select_build_failed=False, packages_skip_build_finished=False, packages_select_test_failures=False, packages_skip_test_passed=False, packages_select=None, packages_skip=None, packages_select_regex=None, packages_skip_regex=None, packages_start=None, packages_end=None, allow_overriding=[], cmake_args=None, cmake_target=None, cmake_target_skip_unavailable=False, cmake_clean_cache=False, cmake_clean_first=False, cmake_force_configure=False, ament_cmake_args=None, catkin_cmake_args=None, catkin_skip_building_tests=False, mixin_files=None, mixin=None, verb_parser=<colcon_mixin.mixin.mixin_argument.MixinArgumentDecorator object at 0x7abe52c498a0>, verb_extension=<colcon_core.verb.build.BuildVerb object at 0x7abe52c49210>, main=<bound method BuildVerb.main of <colcon_core.verb.build.BuildVerb object at 0x7abe52c49210>>, mixin_verb=('build',))
[0.507s] Level 1:colcon.colcon_core.package_discovery:discover_packages(colcon_meta) check parameters
[0.507s] Level 1:colcon.colcon_core.package_discovery:discover_packages(recursive) check parameters
[0.507s] Level 1:colcon.colcon_core.package_discovery:discover_packages(ignore) check parameters
[0.507s] Level 1:colcon.colcon_core.package_discovery:discover_packages(path) check parameters
[0.507s] Level 1:colcon.colcon_core.package_discovery:discover_packages(colcon_meta) discover
[0.507s] Level 1:colcon.colcon_core.package_discovery:discover_packages(recursive) discover
[0.507s] INFO:colcon.colcon_core.package_discovery:Crawling recursively for packages in '/home/baehh/ros2_ws'
[0.507s] Level 1:colcon.colcon_core.package_identification:_identify(.) by extensions ['ignore', 'ignore_ament_install']
[0.507s] Level 1:colcon.colcon_core.package_identification:_identify(.) by extension 'ignore'
[0.507s] Level 1:colcon.colcon_core.package_identification:_identify(.) by extension 'ignore_ament_install'
[0.507s] Level 1:colcon.colcon_core.package_identification:_identify(.) by extensions ['colcon_pkg']
[0.507s] Level 1:colcon.colcon_core.package_identification:_identify(.) by extension 'colcon_pkg'
[0.507s] Level 1:colcon.colcon_core.package_identification:_identify(.) by extensions ['colcon_meta']
[0.507s] Level 1:colcon.colcon_core.package_identification:_identify(.) by extension 'colcon_meta'
[0.507s] Level 1:colcon.colcon_core.package_identification:_identify(.) by extensions ['ros']
[0.507s] Level 1:colcon.colcon_core.package_identification:_identify(.) by extension 'ros'
[0.523s] Level 1:colcon.colcon_core.package_identification:_identify(.) by extensions ['cmake', 'python']
[0.524s] Level 1:colcon.colcon_core.package_identification:_identify(.) by extension 'cmake'
[0.524s] Level 1:colcon.colcon_core.package_identification:_identify(.) by extension 'python'
[0.524s] Level 1:colcon.colcon_core.package_identification:_identify(.) by extensions ['python_setup_py']
[0.524s] Level 1:colcon.colcon_core.package_identification:_identify(.) by extension 'python_setup_py'
[0.524s] Level 1:colcon.colcon_core.package_identification:_identify(build) by extensions ['ignore', 'ignore_ament_install']
[0.524s] Level 1:colcon.colcon_core.package_identification:_identify(build) by extension 'ignore'
[0.524s] Level 1:colcon.colcon_core.package_identification:_identify(build) ignored
[0.524s] Level 1:colcon.colcon_core.package_identification:_identify(install) by extensions ['ignore', 'ignore_ament_install']
[0.524s] Level 1:colcon.colcon_core.package_identification:_identify(install) by extension 'ignore'
[0.524s] Level 1:colcon.colcon_core.package_identification:_identify(install) ignored
[0.524s] Level 1:colcon.colcon_core.package_identification:_identify(log) by extensions ['ignore', 'ignore_ament_install']
[0.524s] Level 1:colcon.colcon_core.package_identification:_identify(log) by extension 'ignore'
[0.524s] Level 1:colcon.colcon_core.package_identification:_identify(log) ignored
[0.524s] Level 1:colcon.colcon_core.package_identification:_identify(src) by extensions ['ignore', 'ignore_ament_install']
[0.524s] Level 1:colcon.colcon_core.package_identification:_identify(src) by extension 'ignore'
[0.524s] Level 1:colcon.colcon_core.package_identification:_identify(src) by extension 'ignore_ament_install'
[0.524s] Level 1:colcon.colcon_core.package_identification:_identify(src) by extensions ['colcon_pkg']
[0.524s] Level 1:colcon.colcon_core.package_identification:_identify(src) by extension 'colcon_pkg'
[0.524s] Level 1:colcon.colcon_core.package_identification:_identify(src) by extensions ['colcon_meta']
[0.524s] Level 1:colcon.colcon_core.package_identification:_identify(src) by extension 'colcon_meta'
[0.524s] Level 1:colcon.colcon_core.package_identification:_identify(src) by extensions ['ros']
[0.524s] Level 1:colcon.colcon_core.package_identification:_identify(src) by extension 'ros'
[0.524s] Level 1:colcon.colcon_core.package_identification:_identify(src) by extensions ['cmake', 'python']
[0.524s] Level 1:colcon.colcon_core.package_identification:_identify(src) by extension 'cmake'
[0.525s] Level 1:colcon.colcon_core.package_identification:_identify(src) by extension 'python'
[0.525s] Level 1:colcon.colcon_core.package_identification:_identify(src) by extensions ['python_setup_py']
[0.525s] Level 1:colcon.colcon_core.package_identification:_identify(src) by extension 'python_setup_py'
[0.525s] Level 1:colcon.colcon_core.package_identification:_identify(src/YDLidar-SDK) by extensions ['ignore', 'ignore_ament_install']
[0.525s] Level 1:colcon.colcon_core.package_identification:_identify(src/YDLidar-SDK) by extension 'ignore'
[0.525s] Level 1:colcon.colcon_core.package_identification:_identify(src/YDLidar-SDK) by extension 'ignore_ament_install'
[0.525s] Level 1:colcon.colcon_core.package_identification:_identify(src/YDLidar-SDK) by extensions ['colcon_pkg']
[0.525s] Level 1:colcon.colcon_core.package_identification:_identify(src/YDLidar-SDK) by extension 'colcon_pkg'
[0.526s] Level 1:colcon.colcon_core.package_identification:_identify(src/YDLidar-SDK) by extensions ['colcon_meta']
[0.526s] Level 1:colcon.colcon_core.package_identification:_identify(src/YDLidar-SDK) by extension 'colcon_meta'
[0.526s] Level 1:colcon.colcon_core.package_identification:_identify(src/YDLidar-SDK) by extensions ['ros']
[0.526s] Level 1:colcon.colcon_core.package_identification:_identify(src/YDLidar-SDK) by extension 'ros'
[0.526s] Level 1:colcon.colcon_core.package_identification:_identify(src/YDLidar-SDK) by extensions ['cmake', 'python']
[0.526s] Level 1:colcon.colcon_core.package_identification:_identify(src/YDLidar-SDK) by extension 'cmake'
[0.604s] Level 1:colcon.colcon_core.package_identification:_identify(src/YDLidar-SDK) by extension 'python'
[0.604s] DEBUG:colcon.colcon_core.package_identification:Package 'src/YDLidar-SDK' with type 'cmake' and name 'ydlidar_sdk'
[0.604s] Level 1:colcon.colcon_core.package_identification:_identify(src/py_pubsub) by extensions ['ignore', 'ignore_ament_install']
[0.604s] Level 1:colcon.colcon_core.package_identification:_identify(src/py_pubsub) by extension 'ignore'
[0.604s] Level 1:colcon.colcon_core.package_identification:_identify(src/py_pubsub) by extension 'ignore_ament_install'
[0.604s] Level 1:colcon.colcon_core.package_identification:_identify(src/py_pubsub) by extensions ['colcon_pkg']
[0.604s] Level 1:colcon.colcon_core.package_identification:_identify(src/py_pubsub) by extension 'colcon_pkg'
[0.604s] Level 1:colcon.colcon_core.package_identification:_identify(src/py_pubsub) by extensions ['colcon_meta']
[0.604s] Level 1:colcon.colcon_core.package_identification:_identify(src/py_pubsub) by extension 'colcon_meta'
[0.604s] Level 1:colcon.colcon_core.package_identification:_identify(src/py_pubsub) by extensions ['ros']
[0.604s] Level 1:colcon.colcon_core.package_identification:_identify(src/py_pubsub) by extension 'ros'
[0.610s] DEBUG:colcon.colcon_core.package_identification:Package 'src/py_pubsub' with type 'ros.ament_python' and name 'py_pubsub'
[0.610s] Level 1:colcon.colcon_core.package_identification:_identify(src/ydlidar_ros2_driver) by extensions ['ignore', 'ignore_ament_install']
[0.610s] Level 1:colcon.colcon_core.package_identification:_identify(src/ydlidar_ros2_driver) by extension 'ignore'
[0.610s] Level 1:colcon.colcon_core.package_identification:_identify(src/ydlidar_ros2_driver) by extension 'ignore_ament_install'
[0.610s] Level 1:colcon.colcon_core.package_identification:_identify(src/ydlidar_ros2_driver) by extensions ['colcon_pkg']
[0.610s] Level 1:colcon.colcon_core.package_identification:_identify(src/ydlidar_ros2_driver) by extension 'colcon_pkg'
[0.610s] Level 1:colcon.colcon_core.package_identification:_identify(src/ydlidar_ros2_driver) by extensions ['colcon_meta']
[0.611s] Level 1:colcon.colcon_core.package_identification:_identify(src/ydlidar_ros2_driver) by extension 'colcon_meta'
[0.611s] Level 1:colcon.colcon_core.package_identification:_identify(src/ydlidar_ros2_driver) by extensions ['ros']
[0.611s] Level 1:colcon.colcon_core.package_identification:_identify(src/ydlidar_ros2_driver) by extension 'ros'
[0.611s] DEBUG:colcon.colcon_core.package_identification:Package 'src/ydlidar_ros2_driver' with type 'ros.ament_cmake' and name 'ydlidar_ros2_driver'
[0.612s] Level 1:colcon.colcon_core.package_discovery:discover_packages(recursive) using defaults
[0.612s] Level 1:colcon.colcon_core.package_discovery:discover_packages(ignore) discover
[0.612s] Level 1:colcon.colcon_core.package_discovery:discover_packages(ignore) using defaults
[0.612s] Level 1:colcon.colcon_core.package_discovery:discover_packages(path) discover
[0.612s] Level 1:colcon.colcon_core.package_discovery:discover_packages(path) using defaults
[0.657s] Level 1:colcon.colcon_core.package_discovery:discover_packages(prefix_path) check parameters
[0.657s] Level 1:colcon.colcon_core.package_discovery:discover_packages(prefix_path) discover
[0.661s] WARNING:colcon.colcon_ros.prefix_path.ament:The path '/home/baehh/ros2_ws/install/ydlidar_ros2_driver' in the environment variable AMENT_PREFIX_PATH doesn't exist
[0.661s] WARNING:colcon.colcon_ros.prefix_path.ament:The path '/home/baehh/ros2_ws/install/py_pubsub' in the environment variable AMENT_PREFIX_PATH doesn't exist
[0.661s] WARNING:colcon.colcon_ros.prefix_path.catkin:The path '/home/baehh/ros2_ws/install/ydlidar_sdk' in the environment variable CMAKE_PREFIX_PATH doesn't exist
[0.661s] WARNING:colcon.colcon_ros.prefix_path.catkin:The path '/home/baehh/ros2_ws/install/ydlidar_ros2_driver' in the environment variable CMAKE_PREFIX_PATH doesn't exist
[0.663s] DEBUG:colcon.colcon_installed_package_information.package_discovery:Found 0 installed packages in /home/baehh/ros2_ws/install
[0.664s] DEBUG:colcon.colcon_installed_package_information.package_discovery:Found 271 installed packages in /opt/ros/humble
[0.665s] Level 1:colcon.colcon_core.package_discovery:discover_packages(prefix_path) using defaults
[0.696s] Level 5:colcon.colcon_core.verb:set package 'py_pubsub' build argument 'cmake_args' from command line to 'None'
[0.697s] Level 5:colcon.colcon_core.verb:set package 'py_pubsub' build argument 'cmake_target' from command line to 'None'
[0.697s] Level 5:colcon.colcon_core.verb:set package 'py_pubsub' build argument 'cmake_target_skip_unavailable' from command line to 'False'
[0.697s] Level 5:colcon.colcon_core.verb:set package 'py_pubsub' build argument 'cmake_clean_cache' from command line to 'False'
[0.697s] Level 5:colcon.colcon_core.verb:set package 'py_pubsub' build argument 'cmake_clean_first' from command line to 'False'
[0.697s] Level 5:colcon.colcon_core.verb:set package 'py_pubsub' build argument 'cmake_force_configure' from command line to 'False'
[0.697s] Level 5:colcon.colcon_core.verb:set package 'py_pubsub' build argument 'ament_cmake_args' from command line to 'None'
[0.697s] Level 5:colcon.colcon_core.verb:set package 'py_pubsub' build argument 'catkin_cmake_args' from command line to 'None'
[0.697s] Level 5:colcon.colcon_core.verb:set package 'py_pubsub' build argument 'catkin_skip_building_tests' from command line to 'False'
[0.697s] DEBUG:colcon.colcon_core.verb:Building package 'py_pubsub' with the following arguments: {'ament_cmake_args': None, 'build_base': '/home/baehh/ros2_ws/build/py_pubsub', 'catkin_cmake_args': None, 'catkin_skip_building_tests': False, 'cmake_args': None, 'cmake_clean_cache': False, 'cmake_clean_first': False, 'cmake_force_configure': False, 'cmake_target': None, 'cmake_target_skip_unavailable': False, 'install_base': '/home/baehh/ros2_ws/install/py_pubsub', 'merge_install': False, 'path': '/home/baehh/ros2_ws/src/py_pubsub', 'symlink_install': True, 'test_result_base': None}
[0.697s] Level 5:colcon.colcon_core.verb:set package 'ydlidar_ros2_driver' build argument 'cmake_args' from command line to 'None'
[0.697s] Level 5:colcon.colcon_core.verb:set package 'ydlidar_ros2_driver' build argument 'cmake_target' from command line to 'None'
[0.697s] Level 5:colcon.colcon_core.verb:set package 'ydlidar_ros2_driver' build argument 'cmake_target_skip_unavailable' from command line to 'False'
[0.697s] Level 5:colcon.colcon_core.verb:set package 'ydlidar_ros2_driver' build argument 'cmake_clean_cache' from command line to 'False'
[0.697s] Level 5:colcon.colcon_core.verb:set package 'ydlidar_ros2_driver' build argument 'cmake_clean_first' from command line to 'False'
[0.697s] Level 5:colcon.colcon_core.verb:set package 'ydlidar_ros2_driver' build argument 'cmake_force_configure' from command line to 'False'
[0.697s] Level 5:colcon.colcon_core.verb:set package 'ydlidar_ros2_driver' build argument 'ament_cmake_args' from command line to 'None'
[0.697s] Level 5:colcon.colcon_core.verb:set package 'ydlidar_ros2_driver' build argument 'catkin_cmake_args' from command line to 'None'
[0.697s] Level 5:colcon.colcon_core.verb:set package 'ydlidar_ros2_driver' build argument 'catkin_skip_building_tests' from command line to 'False'
[0.697s] DEBUG:colcon.colcon_core.verb:Building package 'ydlidar_ros2_driver' with the following arguments: {'ament_cmake_args': None, 'build_base': '/home/baehh/ros2_ws/build/ydlidar_ros2_driver', 'catkin_cmake_args': None, 'catkin_skip_building_tests': False, 'cmake_args': None, 'cmake_clean_cache': False, 'cmake_clean_first': False, 'cmake_force_configure': False, 'cmake_target': None, 'cmake_target_skip_unavailable': False, 'install_base': '/home/baehh/ros2_ws/install/ydlidar_ros2_driver', 'merge_install': False, 'path': '/home/baehh/ros2_ws/src/ydlidar_ros2_driver', 'symlink_install': True, 'test_result_base': None}
[0.697s] Level 5:colcon.colcon_core.verb:set package 'ydlidar_sdk' build argument 'cmake_args' from command line to 'None'
[0.697s] Level 5:colcon.colcon_core.verb:set package 'ydlidar_sdk' build argument 'cmake_target' from command line to 'None'
[0.697s] Level 5:colcon.colcon_core.verb:set package 'ydlidar_sdk' build argument 'cmake_target_skip_unavailable' from command line to 'False'
[0.697s] Level 5:colcon.colcon_core.verb:set package 'ydlidar_sdk' build argument 'cmake_clean_cache' from command line to 'False'
[0.697s] Level 5:colcon.colcon_core.verb:set package 'ydlidar_sdk' build argument 'cmake_clean_first' from command line to 'False'
[0.697s] Level 5:colcon.colcon_core.verb:set package 'ydlidar_sdk' build argument 'cmake_force_configure' from command line to 'False'
[0.697s] Level 5:colcon.colcon_core.verb:set package 'ydlidar_sdk' build argument 'ament_cmake_args' from command line to 'None'
[0.697s] Level 5:colcon.colcon_core.verb:set package 'ydlidar_sdk' build argument 'catkin_cmake_args' from command line to 'None'
[0.697s] Level 5:colcon.colcon_core.verb:set package 'ydlidar_sdk' build argument 'catkin_skip_building_tests' from command line to 'False'
[0.697s] DEBUG:colcon.colcon_core.verb:Building package 'ydlidar_sdk' with the following arguments: {'ament_cmake_args': None, 'build_base': '/home/baehh/ros2_ws/build/ydlidar_sdk', 'catkin_cmake_args': None, 'catkin_skip_building_tests': False, 'cmake_args': None, 'cmake_clean_cache': False, 'cmake_clean_first': False, 'cmake_force_configure': False, 'cmake_target': None, 'cmake_target_skip_unavailable': False, 'install_base': '/home/baehh/ros2_ws/install/ydlidar_sdk', 'merge_install': False, 'path': '/home/baehh/ros2_ws/src/YDLidar-SDK', 'symlink_install': True, 'test_result_base': None}
[0.698s] INFO:colcon.colcon_core.executor:Executing jobs using 'parallel' executor
[0.699s] DEBUG:colcon.colcon_parallel_executor.executor.parallel:run_until_complete
[0.699s] INFO:colcon.colcon_ros.task.ament_python.build:Building ROS package in '/home/baehh/ros2_ws/src/py_pubsub' with build type 'ament_python'
[0.699s] Level 1:colcon.colcon_core.shell:create_environment_hook('py_pubsub', 'ament_prefix_path')
[0.710s] INFO:colcon.colcon_core.plugin_system:Skipping extension 'colcon_core.shell.bat': Not used on non-Windows systems
[0.710s] INFO:colcon.colcon_core.shell:Creating environment hook '/home/baehh/ros2_ws/install/py_pubsub/share/py_pubsub/hook/ament_prefix_path.ps1'
[0.712s] INFO:colcon.colcon_core.shell:Creating environment descriptor '/home/baehh/ros2_ws/install/py_pubsub/share/py_pubsub/hook/ament_prefix_path.dsv'
[0.713s] INFO:colcon.colcon_core.shell:Creating environment hook '/home/baehh/ros2_ws/install/py_pubsub/share/py_pubsub/hook/ament_prefix_path.sh'
[0.715s] INFO:colcon.colcon_core.shell:Skip shell extension 'powershell' for command environment: Not usable outside of PowerShell
[0.715s] DEBUG:colcon.colcon_core.shell:Skip shell extension 'dsv' for command environment
[0.719s] INFO:colcon.colcon_ros.task.ament_cmake.build:Building ROS package in '/home/baehh/ros2_ws/src/ydlidar_ros2_driver' with build type 'ament_cmake'
[0.719s] INFO:colcon.colcon_cmake.task.cmake.build:Building CMake package in '/home/baehh/ros2_ws/src/ydlidar_ros2_driver'
[0.719s] INFO:colcon.colcon_core.shell:Skip shell extension 'powershell' for command environment: Not usable outside of PowerShell
[0.719s] DEBUG:colcon.colcon_core.shell:Skip shell extension 'dsv' for command environment
[0.723s] INFO:colcon.colcon_cmake.task.cmake.build:Building CMake package in '/home/baehh/ros2_ws/src/YDLidar-SDK'
[0.723s] INFO:colcon.colcon_core.shell:Skip shell extension 'powershell' for command environment: Not usable outside of PowerShell
[0.723s] DEBUG:colcon.colcon_core.shell:Skip shell extension 'dsv' for command environment
[0.913s] INFO:colcon.colcon_core.task.python.build:Building Python package in '/home/baehh/ros2_ws/src/py_pubsub'
[0.914s] INFO:colcon.colcon_core.shell:Skip shell extension 'powershell' for command environment: Not usable outside of PowerShell
[0.914s] DEBUG:colcon.colcon_core.shell:Skip shell extension 'dsv' for command environment
[0.923s] DEBUG:colcon.colcon_core.event_handler.log_command:Invoking command in '/home/baehh/ros2_ws/build/ydlidar_ros2_driver': CMAKE_PREFIX_PATH=${CMAKE_PREFIX_PATH}:/home/baehh/ros2_ws/install/py_pubsub:/opt/ros/humble /usr/bin/cmake /home/baehh/ros2_ws/src/ydlidar_ros2_driver -DAMENT_CMAKE_SYMLINK_INSTALL=1 -DCMAKE_INSTALL_PREFIX=/home/baehh/ros2_ws/install/ydlidar_ros2_driver
[0.927s] DEBUG:colcon.colcon_core.event_handler.log_command:Invoking command in '/home/baehh/ros2_ws/build/ydlidar_sdk': /usr/bin/cmake /home/baehh/ros2_ws/src/YDLidar-SDK -DCMAKE_INSTALL_PREFIX=/home/baehh/ros2_ws/install/ydlidar_sdk
[1.398s] DEBUG:colcon.colcon_core.event_handler.log_command:Invoking command in '/home/baehh/ros2_ws/build/py_pubsub': PYTHONPATH=/home/baehh/ros2_ws/build/py_pubsub/prefix_override:/usr/lib/python3/dist-packages/colcon_core/task/python/colcon_distutils_commands:/home/baehh/ros2_ws/install/py_pubsub/lib/python3.10/site-packages:${PYTHONPATH} /usr/bin/python3 -W ignore:setup.py install is deprecated -W ignore:easy_install command is deprecated setup.py develop --editable --build-directory /home/baehh/ros2_ws/build/py_pubsub/build --no-deps symlink_data
[1.801s] Level 1:colcon.colcon_core.shell:create_environment_hook('py_pubsub', 'pythonpath_develop')
[1.802s] INFO:colcon.colcon_core.shell:Creating environment hook '/home/baehh/ros2_ws/build/py_pubsub/share/py_pubsub/hook/pythonpath_develop.ps1'
[1.803s] DEBUG:colcon.colcon_core.event_handler.log_command:Invoked command in '/home/baehh/ros2_ws/build/py_pubsub' returned '0': PYTHONPATH=/home/baehh/ros2_ws/build/py_pubsub/prefix_override:/usr/lib/python3/dist-packages/colcon_core/task/python/colcon_distutils_commands:/home/baehh/ros2_ws/install/py_pubsub/lib/python3.10/site-packages:${PYTHONPATH} /usr/bin/python3 -W ignore:setup.py install is deprecated -W ignore:easy_install command is deprecated setup.py develop --editable --build-directory /home/baehh/ros2_ws/build/py_pubsub/build --no-deps symlink_data
[1.803s] INFO:colcon.colcon_core.shell:Creating environment descriptor '/home/baehh/ros2_ws/build/py_pubsub/share/py_pubsub/hook/pythonpath_develop.dsv'
[1.803s] INFO:colcon.colcon_core.shell:Creating environment hook '/home/baehh/ros2_ws/build/py_pubsub/share/py_pubsub/hook/pythonpath_develop.sh'
[1.810s] Level 1:colcon.colcon_core.environment:checking '/home/baehh/ros2_ws/install/py_pubsub' for CMake module files
[1.810s] Level 1:colcon.colcon_core.environment:checking '/home/baehh/ros2_ws/install/py_pubsub' for CMake config files
[1.811s] Level 1:colcon.colcon_core.environment:checking '/home/baehh/ros2_ws/install/py_pubsub/lib'
[1.811s] Level 1:colcon.colcon_core.environment:checking '/home/baehh/ros2_ws/install/py_pubsub/bin'
[1.811s] Level 1:colcon.colcon_core.environment:checking '/home/baehh/ros2_ws/install/py_pubsub/lib/pkgconfig/py_pubsub.pc'
[1.811s] Level 1:colcon.colcon_core.environment:checking '/home/baehh/ros2_ws/install/py_pubsub/lib/python3.10/site-packages'
[1.811s] Level 1:colcon.colcon_core.shell:create_environment_hook('py_pubsub', 'pythonpath')
[1.811s] INFO:colcon.colcon_core.shell:Creating environment hook '/home/baehh/ros2_ws/install/py_pubsub/share/py_pubsub/hook/pythonpath.ps1'
[1.812s] INFO:colcon.colcon_core.shell:Creating environment descriptor '/home/baehh/ros2_ws/install/py_pubsub/share/py_pubsub/hook/pythonpath.dsv'
[1.812s] INFO:colcon.colcon_core.shell:Creating environment hook '/home/baehh/ros2_ws/install/py_pubsub/share/py_pubsub/hook/pythonpath.sh'
[1.812s] Level 1:colcon.colcon_core.environment:checking '/home/baehh/ros2_ws/install/py_pubsub/bin'
[1.813s] Level 1:colcon.colcon_core.environment:create_environment_scripts_only(py_pubsub)
[1.813s] INFO:colcon.colcon_core.shell:Creating package script '/home/baehh/ros2_ws/install/py_pubsub/share/py_pubsub/package.ps1'
[1.814s] INFO:colcon.colcon_core.shell:Creating package descriptor '/home/baehh/ros2_ws/install/py_pubsub/share/py_pubsub/package.dsv'
[1.814s] INFO:colcon.colcon_core.shell:Creating package script '/home/baehh/ros2_ws/install/py_pubsub/share/py_pubsub/package.sh'
[1.815s] INFO:colcon.colcon_core.shell:Creating package script '/home/baehh/ros2_ws/install/py_pubsub/share/py_pubsub/package.bash'
[1.816s] INFO:colcon.colcon_core.shell:Creating package script '/home/baehh/ros2_ws/install/py_pubsub/share/py_pubsub/package.zsh'
[1.817s] Level 1:colcon.colcon_core.environment:create_file_with_runtime_dependencies(/home/baehh/ros2_ws/install/py_pubsub/share/colcon-core/packages/py_pubsub)
[2.342s] DEBUG:colcon.colcon_core.event_handler.log_command:Invoked command in '/home/baehh/ros2_ws/build/ydlidar_sdk' returned '0': /usr/bin/cmake /home/baehh/ros2_ws/src/YDLidar-SDK -DCMAKE_INSTALL_PREFIX=/home/baehh/ros2_ws/install/ydlidar_sdk
[2.342s] DEBUG:colcon.colcon_core.event_handler.log_command:Invoking command in '/home/baehh/ros2_ws/build/ydlidar_sdk': /usr/bin/cmake --build /home/baehh/ros2_ws/build/ydlidar_sdk -- -j8 -l8
[6.973s] DEBUG:colcon.colcon_core.event_handler.log_command:Invoked command in '/home/baehh/ros2_ws/build/ydlidar_ros2_driver' returned '0': CMAKE_PREFIX_PATH=${CMAKE_PREFIX_PATH}:/home/baehh/ros2_ws/install/py_pubsub:/opt/ros/humble /usr/bin/cmake /home/baehh/ros2_ws/src/ydlidar_ros2_driver -DAMENT_CMAKE_SYMLINK_INSTALL=1 -DCMAKE_INSTALL_PREFIX=/home/baehh/ros2_ws/install/ydlidar_ros2_driver
[6.975s] DEBUG:colcon.colcon_core.event_handler.log_command:Invoking command in '/home/baehh/ros2_ws/build/ydlidar_ros2_driver': CMAKE_PREFIX_PATH=${CMAKE_PREFIX_PATH}:/home/baehh/ros2_ws/install/py_pubsub:/opt/ros/humble /usr/bin/cmake --build /home/baehh/ros2_ws/build/ydlidar_ros2_driver -- -j8 -l8
[7.052s] DEBUG:colcon.colcon_core.event_handler.log_command:Invoked command in '/home/baehh/ros2_ws/build/ydlidar_sdk' returned '0': /usr/bin/cmake --build /home/baehh/ros2_ws/build/ydlidar_sdk -- -j8 -l8
[7.061s] DEBUG:colcon.colcon_core.event_handler.log_command:Invoking command in '/home/baehh/ros2_ws/build/ydlidar_sdk': /usr/bin/cmake --install /home/baehh/ros2_ws/build/ydlidar_sdk
[7.137s] Level 1:colcon.colcon_core.environment:create_environment_scripts_only(ydlidar_sdk)
[7.138s] Level 1:colcon.colcon_core.environment:checking '/home/baehh/ros2_ws/install/ydlidar_sdk' for CMake module files
[7.138s] DEBUG:colcon.colcon_core.event_handler.log_command:Invoked command in '/home/baehh/ros2_ws/build/ydlidar_sdk' returned '0': /usr/bin/cmake --install /home/baehh/ros2_ws/build/ydlidar_sdk
[7.139s] Level 1:colcon.colcon_core.environment:checking '/home/baehh/ros2_ws/install/ydlidar_sdk' for CMake config files
[7.139s] Level 1:colcon.colcon_core.shell:create_environment_hook('ydlidar_sdk', 'cmake_prefix_path')
[7.139s] INFO:colcon.colcon_core.shell:Creating environment hook '/home/baehh/ros2_ws/install/ydlidar_sdk/share/ydlidar_sdk/hook/cmake_prefix_path.ps1'
[7.140s] INFO:colcon.colcon_core.shell:Creating environment descriptor '/home/baehh/ros2_ws/install/ydlidar_sdk/share/ydlidar_sdk/hook/cmake_prefix_path.dsv'
[7.140s] INFO:colcon.colcon_core.shell:Creating environment hook '/home/baehh/ros2_ws/install/ydlidar_sdk/share/ydlidar_sdk/hook/cmake_prefix_path.sh'
[7.141s] Level 1:colcon.colcon_core.environment:checking '/home/baehh/ros2_ws/install/ydlidar_sdk/lib'
[7.141s] Level 1:colcon.colcon_core.environment:checking '/home/baehh/ros2_ws/install/ydlidar_sdk/bin'
[7.141s] Level 1:colcon.colcon_core.shell:create_environment_hook('ydlidar_sdk', 'path')
[7.141s] INFO:colcon.colcon_core.shell:Creating environment hook '/home/baehh/ros2_ws/install/ydlidar_sdk/share/ydlidar_sdk/hook/path.ps1'
[7.141s] INFO:colcon.colcon_core.shell:Creating environment descriptor '/home/baehh/ros2_ws/install/ydlidar_sdk/share/ydlidar_sdk/hook/path.dsv'
[7.141s] INFO:colcon.colcon_core.shell:Creating environment hook '/home/baehh/ros2_ws/install/ydlidar_sdk/share/ydlidar_sdk/hook/path.sh'
[7.142s] Level 1:colcon.colcon_core.environment:checking '/home/baehh/ros2_ws/install/ydlidar_sdk/lib/pkgconfig/ydlidar_sdk.pc'
[7.142s] Level 1:colcon.colcon_core.environment:checking '/home/baehh/ros2_ws/install/ydlidar_sdk/lib/python3.10/site-packages'
[7.142s] Level 1:colcon.colcon_core.environment:checking '/home/baehh/ros2_ws/install/ydlidar_sdk/bin'
[7.142s] Level 1:colcon.colcon_core.shell:create_environment_hook('ydlidar_sdk', 'pythonscriptspath')
[7.143s] INFO:colcon.colcon_core.shell:Creating environment hook '/home/baehh/ros2_ws/install/ydlidar_sdk/share/ydlidar_sdk/hook/pythonscriptspath.ps1'
[7.143s] INFO:colcon.colcon_core.shell:Creating environment descriptor '/home/baehh/ros2_ws/install/ydlidar_sdk/share/ydlidar_sdk/hook/pythonscriptspath.dsv'
[7.143s] INFO:colcon.colcon_core.shell:Creating environment hook '/home/baehh/ros2_ws/install/ydlidar_sdk/share/ydlidar_sdk/hook/pythonscriptspath.sh'
[7.143s] INFO:colcon.colcon_core.shell:Creating package script '/home/baehh/ros2_ws/install/ydlidar_sdk/share/ydlidar_sdk/package.ps1'
[7.144s] INFO:colcon.colcon_core.shell:Creating package descriptor '/home/baehh/ros2_ws/install/ydlidar_sdk/share/ydlidar_sdk/package.dsv'
[7.144s] INFO:colcon.colcon_core.shell:Creating package script '/home/baehh/ros2_ws/install/ydlidar_sdk/share/ydlidar_sdk/package.sh'
[7.144s] INFO:colcon.colcon_core.shell:Creating package script '/home/baehh/ros2_ws/install/ydlidar_sdk/share/ydlidar_sdk/package.bash'
[7.145s] INFO:colcon.colcon_core.shell:Creating package script '/home/baehh/ros2_ws/install/ydlidar_sdk/share/ydlidar_sdk/package.zsh'
[7.145s] Level 1:colcon.colcon_core.environment:create_file_with_runtime_dependencies(/home/baehh/ros2_ws/install/ydlidar_sdk/share/colcon-core/packages/ydlidar_sdk)
[14.215s] DEBUG:colcon.colcon_core.event_handler.log_command:Invoked command in '/home/baehh/ros2_ws/build/ydlidar_ros2_driver' returned '0': CMAKE_PREFIX_PATH=${CMAKE_PREFIX_PATH}:/home/baehh/ros2_ws/install/py_pubsub:/opt/ros/humble /usr/bin/cmake --build /home/baehh/ros2_ws/build/ydlidar_ros2_driver -- -j8 -l8
[14.216s] DEBUG:colcon.colcon_core.event_handler.log_command:Invoking command in '/home/baehh/ros2_ws/build/ydlidar_ros2_driver': CMAKE_PREFIX_PATH=${CMAKE_PREFIX_PATH}:/home/baehh/ros2_ws/install/py_pubsub:/opt/ros/humble /usr/bin/cmake --install /home/baehh/ros2_ws/build/ydlidar_ros2_driver
[14.458s] Level 1:colcon.colcon_core.environment:create_environment_scripts_only(ydlidar_ros2_driver)
[14.459s] Level 1:colcon.colcon_core.environment:checking '/home/baehh/ros2_ws/install/ydlidar_ros2_driver' for CMake module files
[14.459s] DEBUG:colcon.colcon_core.event_handler.log_command:Invoked command in '/home/baehh/ros2_ws/build/ydlidar_ros2_driver' returned '0': CMAKE_PREFIX_PATH=${CMAKE_PREFIX_PATH}:/home/baehh/ros2_ws/install/py_pubsub:/opt/ros/humble /usr/bin/cmake --install /home/baehh/ros2_ws/build/ydlidar_ros2_driver
[14.459s] Level 1:colcon.colcon_core.environment:checking '/home/baehh/ros2_ws/install/ydlidar_ros2_driver' for CMake config files
[14.460s] Level 1:colcon.colcon_core.shell:create_environment_hook('ydlidar_ros2_driver', 'cmake_prefix_path')
[14.460s] INFO:colcon.colcon_core.shell:Creating environment hook '/home/baehh/ros2_ws/install/ydlidar_ros2_driver/share/ydlidar_ros2_driver/hook/cmake_prefix_path.ps1'
[14.460s] INFO:colcon.colcon_core.shell:Creating environment descriptor '/home/baehh/ros2_ws/install/ydlidar_ros2_driver/share/ydlidar_ros2_driver/hook/cmake_prefix_path.dsv'
[14.461s] INFO:colcon.colcon_core.shell:Creating environment hook '/home/baehh/ros2_ws/install/ydlidar_ros2_driver/share/ydlidar_ros2_driver/hook/cmake_prefix_path.sh'
[14.461s] Level 1:colcon.colcon_core.environment:checking '/home/baehh/ros2_ws/install/ydlidar_ros2_driver/lib'
[14.461s] Level 1:colcon.colcon_core.environment:checking '/home/baehh/ros2_ws/install/ydlidar_ros2_driver/bin'
[14.462s] Level 1:colcon.colcon_core.environment:checking '/home/baehh/ros2_ws/install/ydlidar_ros2_driver/lib/pkgconfig/ydlidar_ros2_driver.pc'
[14.462s] Level 1:colcon.colcon_core.environment:checking '/home/baehh/ros2_ws/install/ydlidar_ros2_driver/lib/python3.10/site-packages'
[14.462s] Level 1:colcon.colcon_core.environment:checking '/home/baehh/ros2_ws/install/ydlidar_ros2_driver/bin'
[14.462s] INFO:colcon.colcon_core.shell:Creating package script '/home/baehh/ros2_ws/install/ydlidar_ros2_driver/share/ydlidar_ros2_driver/package.ps1'
[14.463s] INFO:colcon.colcon_core.shell:Creating package descriptor '/home/baehh/ros2_ws/install/ydlidar_ros2_driver/share/ydlidar_ros2_driver/package.dsv'
[14.463s] INFO:colcon.colcon_core.shell:Creating package script '/home/baehh/ros2_ws/install/ydlidar_ros2_driver/share/ydlidar_ros2_driver/package.sh'
[14.463s] INFO:colcon.colcon_core.shell:Creating package script '/home/baehh/ros2_ws/install/ydlidar_ros2_driver/share/ydlidar_ros2_driver/package.bash'
[14.463s] INFO:colcon.colcon_core.shell:Creating package script '/home/baehh/ros2_ws/install/ydlidar_ros2_driver/share/ydlidar_ros2_driver/package.zsh'
[14.463s] Level 1:colcon.colcon_core.environment:create_file_with_runtime_dependencies(/home/baehh/ros2_ws/install/ydlidar_ros2_driver/share/colcon-core/packages/ydlidar_ros2_driver)
[14.464s] Level 1:colcon.colcon_core.environment:create_environment_scripts_only(ydlidar_ros2_driver)
[14.464s] Level 1:colcon.colcon_core.environment:checking '/home/baehh/ros2_ws/install/ydlidar_ros2_driver' for CMake module files
[14.465s] Level 1:colcon.colcon_core.environment:checking '/home/baehh/ros2_ws/install/ydlidar_ros2_driver' for CMake config files
[14.465s] Level 1:colcon.colcon_core.shell:create_environment_hook('ydlidar_ros2_driver', 'cmake_prefix_path')
[14.465s] INFO:colcon.colcon_core.shell:Creating environment hook '/home/baehh/ros2_ws/install/ydlidar_ros2_driver/share/ydlidar_ros2_driver/hook/cmake_prefix_path.ps1'
[14.465s] INFO:colcon.colcon_core.shell:Creating environment descriptor '/home/baehh/ros2_ws/install/ydlidar_ros2_driver/share/ydlidar_ros2_driver/hook/cmake_prefix_path.dsv'
[14.465s] INFO:colcon.colcon_core.shell:Creating environment hook '/home/baehh/ros2_ws/install/ydlidar_ros2_driver/share/ydlidar_ros2_driver/hook/cmake_prefix_path.sh'
[14.466s] Level 1:colcon.colcon_core.environment:checking '/home/baehh/ros2_ws/install/ydlidar_ros2_driver/lib'
[14.466s] Level 1:colcon.colcon_core.environment:checking '/home/baehh/ros2_ws/install/ydlidar_ros2_driver/bin'
[14.466s] Level 1:colcon.colcon_core.environment:checking '/home/baehh/ros2_ws/install/ydlidar_ros2_driver/lib/pkgconfig/ydlidar_ros2_driver.pc'
[14.466s] Level 1:colcon.colcon_core.environment:checking '/home/baehh/ros2_ws/install/ydlidar_ros2_driver/lib/python3.10/site-packages'
[14.466s] Level 1:colcon.colcon_core.environment:checking '/home/baehh/ros2_ws/install/ydlidar_ros2_driver/bin'
[14.466s] INFO:colcon.colcon_core.shell:Creating package script '/home/baehh/ros2_ws/install/ydlidar_ros2_driver/share/ydlidar_ros2_driver/package.ps1'
[14.467s] INFO:colcon.colcon_core.shell:Creating package descriptor '/home/baehh/ros2_ws/install/ydlidar_ros2_driver/share/ydlidar_ros2_driver/package.dsv'
[14.467s] INFO:colcon.colcon_core.shell:Creating package script '/home/baehh/ros2_ws/install/ydlidar_ros2_driver/share/ydlidar_ros2_driver/package.sh'
[14.468s] INFO:colcon.colcon_core.shell:Creating package script '/home/baehh/ros2_ws/install/ydlidar_ros2_driver/share/ydlidar_ros2_driver/package.bash'
[14.468s] INFO:colcon.colcon_core.shell:Creating package script '/home/baehh/ros2_ws/install/ydlidar_ros2_driver/share/ydlidar_ros2_driver/package.zsh'
[14.468s] Level 1:colcon.colcon_core.environment:create_file_with_runtime_dependencies(/home/baehh/ros2_ws/install/ydlidar_ros2_driver/share/colcon-core/packages/ydlidar_ros2_driver)
[14.469s] DEBUG:colcon.colcon_parallel_executor.executor.parallel:closing loop
[14.469s] DEBUG:colcon.colcon_parallel_executor.executor.parallel:loop closed
[14.469s] DEBUG:colcon.colcon_parallel_executor.executor.parallel:run_until_complete finished with '0'
[14.469s] DEBUG:colcon.colcon_core.event_reactor:joining thread
[14.502s] INFO:colcon.colcon_core.plugin_system:Skipping extension 'colcon_notification.desktop_notification.notify_send': Could not find 'notify-send'
[14.502s] INFO:colcon.colcon_core.plugin_system:Skipping extension 'colcon_notification.desktop_notification.terminal_notifier': Not used on non-Darwin systems
[14.502s] INFO:colcon.colcon_core.plugin_system:Skipping extension 'colcon_notification.desktop_notification.win32': Not used on non-Windows systems
[14.502s] INFO:colcon.colcon_notification.desktop_notification:Sending desktop notification using 'notify2'
[14.502s] DEBUG:colcon.colcon_notification.desktop_notification.notify2:Failed to initialize notify2: org.freedesktop.DBus.Error.FileNotFound: Failed to connect to socket /run/user/1000/bus: No such file or directory
[14.502s] DEBUG:colcon.colcon_core.event_reactor:joined thread
[14.503s] INFO:colcon.colcon_core.shell:Creating prefix script '/home/baehh/ros2_ws/install/local_setup.ps1'
[14.504s] INFO:colcon.colcon_core.shell:Creating prefix util module '/home/baehh/ros2_ws/install/_local_setup_util_ps1.py'
[14.506s] INFO:colcon.colcon_core.shell:Creating prefix chain script '/home/baehh/ros2_ws/install/setup.ps1'
[14.507s] INFO:colcon.colcon_core.shell:Creating prefix script '/home/baehh/ros2_ws/install/local_setup.sh'
[14.508s] INFO:colcon.colcon_core.shell:Creating prefix util module '/home/baehh/ros2_ws/install/_local_setup_util_sh.py'
[14.508s] INFO:colcon.colcon_core.shell:Creating prefix chain script '/home/baehh/ros2_ws/install/setup.sh'
[14.510s] INFO:colcon.colcon_core.shell:Creating prefix script '/home/baehh/ros2_ws/install/local_setup.bash'
[14.510s] INFO:colcon.colcon_core.shell:Creating prefix chain script '/home/baehh/ros2_ws/install/setup.bash'
[14.512s] INFO:colcon.colcon_core.shell:Creating prefix script '/home/baehh/ros2_ws/install/local_setup.zsh'
[14.513s] INFO:colcon.colcon_core.shell:Creating prefix chain script '/home/baehh/ros2_ws/install/setup.zsh'
