[0.689s] Invoking command in '/home/baehh/ros2_ws/build/py_pubsub': PYTHONPATH=/home/baehh/ros2_ws/build/py_pubsub/prefix_override:/usr/lib/python3/dist-packages/colcon_core/task/python/colcon_distutils_commands:/home/baehh/ros2_ws/install/py_pubsub/lib/python3.10/site-packages:${PYTHONPATH} /usr/bin/python3 -W ignore:setup.py install is deprecated -W ignore:easy_install command is deprecated setup.py develop --uninstall --editable --build-directory /home/baehh/ros2_ws/build/py_pubsub/build
[0.872s] running develop
[0.978s] Removing /home/baehh/ros2_ws/install/py_pubsub/lib/python3.10/site-packages/py-pubsub.egg-link (link to .)
[1.000s] Invoked command in '/home/baehh/ros2_ws/build/py_pubsub' returned '0': PYTHONPATH=/home/baehh/ros2_ws/build/py_pubsub/prefix_override:/usr/lib/python3/dist-packages/colcon_core/task/python/colcon_distutils_commands:/home/baehh/ros2_ws/install/py_pubsub/lib/python3.10/site-packages:${PYTHONPATH} /usr/bin/python3 -W ignore:setup.py install is deprecated -W ignore:easy_install command is deprecated setup.py develop --uninstall --editable --build-directory /home/baehh/ros2_ws/build/py_pubsub/build
[1.002s] Invoking command in '/home/baehh/ros2_ws/src/py_pubsub': PYTHONPATH=/home/baehh/ros2_ws/build/py_pubsub/prefix_override:/usr/lib/python3/dist-packages/colcon_core/task/python/colcon_distutils_commands:/home/baehh/ros2_ws/install/py_pubsub/lib/python3.10/site-packages:${PYTHONPATH} /usr/bin/python3 -W ignore:setup.py install is deprecated -W ignore:easy_install command is deprecated setup.py egg_info --egg-base ../../build/py_pubsub build --build-base /home/baehh/ros2_ws/build/py_pubsub/build install --record /home/baehh/ros2_ws/build/py_pubsub/install.log --single-version-externally-managed install_data --force
[1.161s] running egg_info
[1.162s] writing ../../build/py_pubsub/py_pubsub.egg-info/PKG-INFO
[1.162s] writing dependency_links to ../../build/py_pubsub/py_pubsub.egg-info/dependency_links.txt
[1.162s] writing entry points to ../../build/py_pubsub/py_pubsub.egg-info/entry_points.txt
[1.163s] writing requirements to ../../build/py_pubsub/py_pubsub.egg-info/requires.txt
[1.163s] writing top-level names to ../../build/py_pubsub/py_pubsub.egg-info/top_level.txt
[1.166s] reading manifest file '../../build/py_pubsub/py_pubsub.egg-info/SOURCES.txt'
[1.167s] writing manifest file '../../build/py_pubsub/py_pubsub.egg-info/SOURCES.txt'
[1.167s] running build
[1.168s] running build_py
[1.168s] creating /home/baehh/ros2_ws/build/py_pubsub/build
[1.168s] creating /home/baehh/ros2_ws/build/py_pubsub/build/lib
[1.168s] creating /home/baehh/ros2_ws/build/py_pubsub/build/lib/py_pubsub
[1.168s] copying py_pubsub/publisher_member_function.py -> /home/baehh/ros2_ws/build/py_pubsub/build/lib/py_pubsub
[1.169s] copying py_pubsub/subscriber_member_function.py -> /home/baehh/ros2_ws/build/py_pubsub/build/lib/py_pubsub
[1.170s] copying py_pubsub/__init__.py -> /home/baehh/ros2_ws/build/py_pubsub/build/lib/py_pubsub
[1.170s] running install
[1.170s] running install_lib
[1.171s] creating /home/baehh/ros2_ws/install/py_pubsub/lib/python3.10/site-packages/py_pubsub
[1.172s] copying /home/baehh/ros2_ws/build/py_pubsub/build/lib/py_pubsub/publisher_member_function.py -> /home/baehh/ros2_ws/install/py_pubsub/lib/python3.10/site-packages/py_pubsub
[1.172s] copying /home/baehh/ros2_ws/build/py_pubsub/build/lib/py_pubsub/subscriber_member_function.py -> /home/baehh/ros2_ws/install/py_pubsub/lib/python3.10/site-packages/py_pubsub
[1.172s] copying /home/baehh/ros2_ws/build/py_pubsub/build/lib/py_pubsub/__init__.py -> /home/baehh/ros2_ws/install/py_pubsub/lib/python3.10/site-packages/py_pubsub
[1.172s] byte-compiling /home/baehh/ros2_ws/install/py_pubsub/lib/python3.10/site-packages/py_pubsub/publisher_member_function.py to publisher_member_function.cpython-310.pyc
[1.173s] byte-compiling /home/baehh/ros2_ws/install/py_pubsub/lib/python3.10/site-packages/py_pubsub/subscriber_member_function.py to subscriber_member_function.cpython-310.pyc
[1.173s] byte-compiling /home/baehh/ros2_ws/install/py_pubsub/lib/python3.10/site-packages/py_pubsub/__init__.py to __init__.cpython-310.pyc
[1.173s] running install_data
[1.173s] copying resource/py_pubsub -> /home/baehh/ros2_ws/install/py_pubsub/share/ament_index/resource_index/packages
[1.174s] copying package.xml -> /home/baehh/ros2_ws/install/py_pubsub/share/py_pubsub
[1.175s] copying launch/talker_listener.launch.py -> /home/baehh/ros2_ws/install/py_pubsub/share/py_pubsub/launch
[1.176s] running install_egg_info
[1.178s] Copying ../../build/py_pubsub/py_pubsub.egg-info to /home/baehh/ros2_ws/install/py_pubsub/lib/python3.10/site-packages/py_pubsub-0.0.0-py3.10.egg-info
[1.180s] running install_scripts
[1.195s] Installing listener script to /home/baehh/ros2_ws/install/py_pubsub/lib/py_pubsub
[1.195s] Installing talker script to /home/baehh/ros2_ws/install/py_pubsub/lib/py_pubsub
[1.195s] writing list of installed files to '/home/baehh/ros2_ws/build/py_pubsub/install.log'
[1.216s] Invoked command in '/home/baehh/ros2_ws/src/py_pubsub' returned '0': PYTHONPATH=/home/baehh/ros2_ws/build/py_pubsub/prefix_override:/usr/lib/python3/dist-packages/colcon_core/task/python/colcon_distutils_commands:/home/baehh/ros2_ws/install/py_pubsub/lib/python3.10/site-packages:${PYTHONPATH} /usr/bin/python3 -W ignore:setup.py install is deprecated -W ignore:easy_install command is deprecated setup.py egg_info --egg-base ../../build/py_pubsub build --build-base /home/baehh/ros2_ws/build/py_pubsub/build install --record /home/baehh/ros2_ws/build/py_pubsub/install.log --single-version-externally-managed install_data --force
