[0.530s] Invoking command in '/home/baehh/ros2_ws/src/py_pubsub': PYTHONPATH=/home/baehh/ros2_ws/build/py_pubsub/prefix_override:/usr/lib/python3/dist-packages/colcon_core/task/python/colcon_distutils_commands:/home/baehh/ros2_ws/install/py_pubsub/lib/python3.10/site-packages:${PYTHONPATH} /usr/bin/python3 -W ignore:setup.py install is deprecated -W ignore:easy_install command is deprecated setup.py egg_info --egg-base ../../build/py_pubsub build --build-base /home/baehh/ros2_ws/build/py_pubsub/build install --record /home/baehh/ros2_ws/build/py_pubsub/install.log --single-version-externally-managed install_data
[0.706s] running egg_info
[0.707s] writing ../../build/py_pubsub/py_pubsub.egg-info/PKG-INFO
[0.707s] writing dependency_links to ../../build/py_pubsub/py_pubsub.egg-info/dependency_links.txt
[0.708s] writing entry points to ../../build/py_pubsub/py_pubsub.egg-info/entry_points.txt
[0.708s] writing requirements to ../../build/py_pubsub/py_pubsub.egg-info/requires.txt
[0.708s] writing top-level names to ../../build/py_pubsub/py_pubsub.egg-info/top_level.txt
[0.709s] reading manifest file '../../build/py_pubsub/py_pubsub.egg-info/SOURCES.txt'
[0.710s] writing manifest file '../../build/py_pubsub/py_pubsub.egg-info/SOURCES.txt'
[0.710s] running build
[0.710s] running build_py
[0.710s] running install
[0.711s] running install_lib
[0.712s] running install_data
[0.712s] running install_egg_info
[0.713s] removing '/home/baehh/ros2_ws/install/py_pubsub/lib/python3.10/site-packages/py_pubsub-0.0.0-py3.10.egg-info' (and everything under it)
[0.713s] Copying ../../build/py_pubsub/py_pubsub.egg-info to /home/baehh/ros2_ws/install/py_pubsub/lib/python3.10/site-packages/py_pubsub-0.0.0-py3.10.egg-info
[0.714s] running install_scripts
[0.731s] Installing listener script to /home/baehh/ros2_ws/install/py_pubsub/lib/py_pubsub
[0.731s] Installing talker script to /home/baehh/ros2_ws/install/py_pubsub/lib/py_pubsub
[0.732s] writing list of installed files to '/home/baehh/ros2_ws/build/py_pubsub/install.log'
[0.752s] Invoked command in '/home/baehh/ros2_ws/src/py_pubsub' returned '0': PYTHONPATH=/home/baehh/ros2_ws/build/py_pubsub/prefix_override:/usr/lib/python3/dist-packages/colcon_core/task/python/colcon_distutils_commands:/home/baehh/ros2_ws/install/py_pubsub/lib/python3.10/site-packages:${PYTHONPATH} /usr/bin/python3 -W ignore:setup.py install is deprecated -W ignore:easy_install command is deprecated setup.py egg_info --egg-base ../../build/py_pubsub build --build-base /home/baehh/ros2_ws/build/py_pubsub/build install --record /home/baehh/ros2_ws/build/py_pubsub/install.log --single-version-externally-managed install_data
