[0.204s] Invoking command in '/home/baehh/ros2_ws/build/ydlidar_ros2_driver': CMAKE_PREFIX_PATH=${CMAKE_PREFIX_PATH}:/home/baehh/ros2_ws/install/py_pubsub:/opt/ros/humble /usr/bin/cmake /home/baehh/ros2_ws/src/ydlidar_ros2_driver -DAMENT_CMAKE_SYMLINK_INSTALL=1 -DCMAKE_INSTALL_PREFIX=/home/baehh/ros2_ws/install/ydlidar_ros2_driver
[0.389s] -- The C compiler identification is GNU 11.4.0
[0.584s] -- The CXX compiler identification is GNU 11.4.0
[0.679s] -- Detecting C compiler ABI info
[0.789s] -- Detecting C compiler ABI info - done
[0.794s] -- Check for working C compiler: /usr/bin/cc - skipped
[0.796s] -- Detecting C compile features
[0.797s] -- Detecting C compile features - done
[0.801s] -- Detecting CXX compiler ABI info
[0.901s] -- Detecting CXX compiler ABI info - done
[0.911s] -- Check for working CXX compiler: /usr/bin/c++ - skipped
[0.911s] -- Detecting CXX compile features
[0.912s] -- Detecting CXX compile features - done
[0.926s] -- Found ament_cmake: 1.3.12 (/opt/ros/humble/share/ament_cmake/cmake)
[1.070s] -- Found Python3: /usr/bin/python3 (found version "3.10.12") found components: Interpreter 
[1.137s] -- Override CMake install command with custom implementation using symlinks instead of copying resources
[1.176s] -- Found rclcpp: 16.0.15 (/opt/ros/humble/share/rclcpp/cmake)
[1.270s] -- Found rosidl_generator_c: 3.1.7 (/opt/ros/humble/share/rosidl_generator_c/cmake)
[1.276s] -- Found rosidl_adapter: 3.1.7 (/opt/ros/humble/share/rosidl_adapter/cmake)
[1.288s] -- Found rosidl_generator_cpp: 3.1.7 (/opt/ros/humble/share/rosidl_generator_cpp/cmake)
[1.306s] -- Using all available rosidl_typesupport_c: rosidl_typesupport_fastrtps_c;rosidl_typesupport_introspection_c
[1.326s] -- Using all available rosidl_typesupport_cpp: rosidl_typesupport_fastrtps_cpp;rosidl_typesupport_introspection_cpp
[1.387s] -- Found rmw_implementation_cmake: 6.1.2 (/opt/ros/humble/share/rmw_implementation_cmake/cmake)
[1.391s] -- Found rmw_fastrtps_cpp: 6.2.9 (/opt/ros/humble/share/rmw_fastrtps_cpp/cmake)
[2.625s] -- Found OpenSSL: /usr/lib/x86_64-linux-gnu/libcrypto.so (found version "3.0.2")  
[3.399s] -- Found FastRTPS: /opt/ros/humble/include  
[5.338s] -- Using RMW implementation 'rmw_fastrtps_cpp' as default
[5.374s] -- Looking for pthread.h
[5.635s] -- Looking for pthread.h - found
[5.635s] -- Performing Test CMAKE_HAVE_LIBC_PTHREAD
[5.836s] -- Performing Test CMAKE_HAVE_LIBC_PTHREAD - Success
[5.838s] -- Found Threads: TRUE  
[5.977s] -- Found sensor_msgs: 4.9.0 (/opt/ros/humble/share/sensor_msgs/cmake)
[6.047s] -- Found visualization_msgs: 4.9.0 (/opt/ros/humble/share/visualization_msgs/cmake)
[6.085s] -- Found std_srvs: 4.9.0 (/opt/ros/humble/share/std_srvs/cmake)
[6.112s] -- Found ament_lint_auto: 0.12.14 (/opt/ros/humble/share/ament_lint_auto/cmake)
[6.205s] -- Added test 'copyright' to check source files copyright and LICENSE
[6.213s] -- Added test 'cppcheck' to perform static code analysis on C / C++ code
[6.213s] -- Configured cppcheck include dirs: /home/baehh/ros2_ws/src/ydlidar_ros2_driver/src
[6.213s] -- Configured cppcheck exclude dirs and/or files: 
[6.216s] -- Added test 'cpplint' to check C / C++ code against the Google style
[6.216s] -- Configured cpplint exclude dirs and/or files: 
[6.217s] -- Added test 'flake8' to check Python code syntax and style conventions
[6.219s] -- Added test 'lint_cmake' to check CMake code style
[6.220s] -- Added test 'pep257' to check Python code against some of the docstring style conventions in PEP 257
[6.222s] -- Added test 'uncrustify' to check C / C++ code style
[6.222s] -- Configured uncrustify additional arguments: 
[6.223s] -- Added test 'xmllint' to check XML markup files
[6.226s] -- Configuring done
[6.240s] -- Generating done
[6.245s] -- Build files have been written to: /home/baehh/ros2_ws/build/ydlidar_ros2_driver
[6.254s] Invoked command in '/home/baehh/ros2_ws/build/ydlidar_ros2_driver' returned '0': CMAKE_PREFIX_PATH=${CMAKE_PREFIX_PATH}:/home/baehh/ros2_ws/install/py_pubsub:/opt/ros/humble /usr/bin/cmake /home/baehh/ros2_ws/src/ydlidar_ros2_driver -DAMENT_CMAKE_SYMLINK_INSTALL=1 -DCMAKE_INSTALL_PREFIX=/home/baehh/ros2_ws/install/ydlidar_ros2_driver
[6.256s] Invoking command in '/home/baehh/ros2_ws/build/ydlidar_ros2_driver': CMAKE_PREFIX_PATH=${CMAKE_PREFIX_PATH}:/home/baehh/ros2_ws/install/py_pubsub:/opt/ros/humble /usr/bin/cmake --build /home/baehh/ros2_ws/build/ydlidar_ros2_driver -- -j8 -l8
[6.296s] [ 25%] [32mBuilding CXX object CMakeFiles/ydlidar_ros2_driver_node.dir/src/ydlidar_ros2_driver_node.cpp.o[0m
[6.300s] [ 50%] [32mBuilding CXX object CMakeFiles/ydlidar_ros2_driver_client.dir/src/ydlidar_ros2_driver_client.cpp.o[0m
[10.663s] [ 75%] [32m[1mLinking CXX executable ydlidar_ros2_driver_node[0m
[11.031s] [ 75%] Built target ydlidar_ros2_driver_node
[13.138s] [100%] [32m[1mLinking CXX executable ydlidar_ros2_driver_client[0m
[13.486s] [100%] Built target ydlidar_ros2_driver_client
[13.495s] Invoked command in '/home/baehh/ros2_ws/build/ydlidar_ros2_driver' returned '0': CMAKE_PREFIX_PATH=${CMAKE_PREFIX_PATH}:/home/baehh/ros2_ws/install/py_pubsub:/opt/ros/humble /usr/bin/cmake --build /home/baehh/ros2_ws/build/ydlidar_ros2_driver -- -j8 -l8
[13.497s] Invoking command in '/home/baehh/ros2_ws/build/ydlidar_ros2_driver': CMAKE_PREFIX_PATH=${CMAKE_PREFIX_PATH}:/home/baehh/ros2_ws/install/py_pubsub:/opt/ros/humble /usr/bin/cmake --install /home/baehh/ros2_ws/build/ydlidar_ros2_driver
[13.503s] -- Install configuration: ""
[13.503s] -- Execute custom install script
[13.504s] -- Symlinking: /home/baehh/ros2_ws/install/ydlidar_ros2_driver/lib/ydlidar_ros2_driver/ydlidar_ros2_driver_node
[13.511s] -- Symlinking: /home/baehh/ros2_ws/install/ydlidar_ros2_driver/lib/ydlidar_ros2_driver/ydlidar_ros2_driver_client
[13.518s] -- Symlinking: /home/baehh/ros2_ws/install/ydlidar_ros2_driver/share/ydlidar_ros2_driver/launch/ydlidar.py
[13.524s] -- Symlinking: /home/baehh/ros2_ws/install/ydlidar_ros2_driver/share/ydlidar_ros2_driver/launch/ydlidar_launch.py
[13.531s] -- Symlinking: /home/baehh/ros2_ws/install/ydlidar_ros2_driver/share/ydlidar_ros2_driver/launch/ydlidar_launch_view.py
[13.538s] -- Symlinking: /home/baehh/ros2_ws/install/ydlidar_ros2_driver/share/ydlidar_ros2_driver/params/G1.yaml
[13.545s] -- Symlinking: /home/baehh/ros2_ws/install/ydlidar_ros2_driver/share/ydlidar_ros2_driver/params/G2.yaml
[13.551s] -- Symlinking: /home/baehh/ros2_ws/install/ydlidar_ros2_driver/share/ydlidar_ros2_driver/params/G6.yaml
[13.557s] -- Symlinking: /home/baehh/ros2_ws/install/ydlidar_ros2_driver/share/ydlidar_ros2_driver/params/GS2.yaml
[13.565s] -- Symlinking: /home/baehh/ros2_ws/install/ydlidar_ros2_driver/share/ydlidar_ros2_driver/params/TEA.yaml
[13.571s] -- Symlinking: /home/baehh/ros2_ws/install/ydlidar_ros2_driver/share/ydlidar_ros2_driver/params/TG.yaml
[13.578s] -- Symlinking: /home/baehh/ros2_ws/install/ydlidar_ros2_driver/share/ydlidar_ros2_driver/params/TminiPro.yaml
[13.586s] -- Symlinking: /home/baehh/ros2_ws/install/ydlidar_ros2_driver/share/ydlidar_ros2_driver/params/X2.yaml
[13.593s] -- Symlinking: /home/baehh/ros2_ws/install/ydlidar_ros2_driver/share/ydlidar_ros2_driver/params/X4-Pro.yaml
[13.599s] -- Symlinking: /home/baehh/ros2_ws/install/ydlidar_ros2_driver/share/ydlidar_ros2_driver/params/X4.yaml
[13.606s] -- Symlinking: /home/baehh/ros2_ws/install/ydlidar_ros2_driver/share/ydlidar_ros2_driver/params/ydlidar.yaml
[13.614s] -- Symlinking: /home/baehh/ros2_ws/install/ydlidar_ros2_driver/share/ydlidar_ros2_driver/startup/initenv.sh
[13.621s] -- Symlinking: /home/baehh/ros2_ws/install/ydlidar_ros2_driver/share/ydlidar_ros2_driver/config/ydlidar.rviz
[13.629s] -- Symlinking: /home/baehh/ros2_ws/install/ydlidar_ros2_driver/share/ament_index/resource_index/package_run_dependencies/ydlidar_ros2_driver
[13.636s] -- Symlinking: /home/baehh/ros2_ws/install/ydlidar_ros2_driver/share/ament_index/resource_index/parent_prefix_path/ydlidar_ros2_driver
[13.644s] -- Symlinking: /home/baehh/ros2_ws/install/ydlidar_ros2_driver/share/ydlidar_ros2_driver/environment/ament_prefix_path.sh
[13.650s] -- Symlinking: /home/baehh/ros2_ws/install/ydlidar_ros2_driver/share/ydlidar_ros2_driver/environment/ament_prefix_path.dsv
[13.658s] -- Symlinking: /home/baehh/ros2_ws/install/ydlidar_ros2_driver/share/ydlidar_ros2_driver/environment/path.sh
[13.665s] -- Symlinking: /home/baehh/ros2_ws/install/ydlidar_ros2_driver/share/ydlidar_ros2_driver/environment/path.dsv
[13.672s] -- Symlinking: /home/baehh/ros2_ws/install/ydlidar_ros2_driver/share/ydlidar_ros2_driver/local_setup.bash
[13.679s] -- Symlinking: /home/baehh/ros2_ws/install/ydlidar_ros2_driver/share/ydlidar_ros2_driver/local_setup.sh
[13.687s] -- Symlinking: /home/baehh/ros2_ws/install/ydlidar_ros2_driver/share/ydlidar_ros2_driver/local_setup.zsh
[13.694s] -- Symlinking: /home/baehh/ros2_ws/install/ydlidar_ros2_driver/share/ydlidar_ros2_driver/local_setup.dsv
[13.701s] -- Symlinking: /home/baehh/ros2_ws/install/ydlidar_ros2_driver/share/ydlidar_ros2_driver/package.dsv
[13.709s] -- Symlinking: /home/baehh/ros2_ws/install/ydlidar_ros2_driver/share/ament_index/resource_index/packages/ydlidar_ros2_driver
[13.717s] -- Symlinking: /home/baehh/ros2_ws/install/ydlidar_ros2_driver/share/ydlidar_ros2_driver/cmake/ydlidar_ros2_driverConfig.cmake
[13.723s] -- Symlinking: /home/baehh/ros2_ws/install/ydlidar_ros2_driver/share/ydlidar_ros2_driver/cmake/ydlidar_ros2_driverConfig-version.cmake
[13.731s] -- Symlinking: /home/baehh/ros2_ws/install/ydlidar_ros2_driver/share/ydlidar_ros2_driver/package.xml
[13.740s] Invoked command in '/home/baehh/ros2_ws/build/ydlidar_ros2_driver' returned '0': CMAKE_PREFIX_PATH=${CMAKE_PREFIX_PATH}:/home/baehh/ros2_ws/install/py_pubsub:/opt/ros/humble /usr/bin/cmake --install /home/baehh/ros2_ws/build/ydlidar_ros2_driver
