-- Current platform: Linux
-- Could NOT find SWIG (missing: SWIG_EXECUTABLE SWIG_DIR) 
-- 
-- +===========================================================================+
-- |         Resulting configuration for                             |
-- +===========================================================================+
--  _________________________ PLATFORM _____________________________
--  Host                        : Linux6.6.87.2-microsoft-standard-WSL2x86_64
--  Is the system big endian?   :  No 
--  Word size (32/64 bit)       : 64
--  CMake version               : 3.22.1
--  CMake generator             : Unix Makefiles
--  CMake build tool            : /usr/bin/gmake
--  Compiler                    : GNU
--  Configuration               : 
-- 
--  __________________________ OPTIONS _____________________________
--  Build YDLidar-SDK as a shared library?　　 :  No 
--  Build Examples?　　　　　　　　　　　　　　 : Yes 
--  Build C Sharp API?　　　　　　　　　　　　 :  No 
--  Build TEST?  			　　　 :  No 
-- 
--  _________________________ INSTALL _____________________
--  Install prefix                    : /home/baehh/ros2_ws/install/ydlidar_sdk
-- 
--  _______________________ WRAPPERS/BINDINGS ______________________
--  Python bindings (pyydlidar)   :  No 
--   - dep: Swig found?       :  No [Version: ]
--   - dep: PythonLibs found?  : Yes [Version: 3.10.12]
-- 
-- Configuring done
-- Generating done
-- Build files have been written to: /home/baehh/ros2_ws/build/ydlidar_sdk
[35m[1mConsolidate compiler generated dependencies of target ydlidar_sdk[0m
[  3%] [32mBuilding CXX object CMakeFiles/ydlidar_sdk.dir/core/common/ydlidar_def.cpp.o[0m
[  5%] [32mBuilding CXX object CMakeFiles/ydlidar_sdk.dir/core/base/timer.cpp.o[0m
[  5%] [32mBuilding C object CMakeFiles/ydlidar_sdk.dir/core/json/cJSON.c.o[0m
[  9%] [32mBuilding CXX object CMakeFiles/ydlidar_sdk.dir/core/network/SimpleSocket.cpp.o[0m
[  9%] [32mBuilding CXX object CMakeFiles/ydlidar_sdk.dir/core/serial/serial.cpp.o[0m
[ 10%] [32mBuilding CXX object CMakeFiles/ydlidar_sdk.dir/core/network/PassiveSocket.cpp.o[0m
[ 12%] [32mBuilding C object CMakeFiles/ydlidar_sdk.dir/core/serial/impl/unix/lock.c.o[0m
[ 14%] [32mBuilding CXX object CMakeFiles/ydlidar_sdk.dir/core/network/ActiveSocket.cpp.o[0m
[ 16%] [32mBuilding CXX object CMakeFiles/ydlidar_sdk.dir/core/serial/impl/unix/list_ports_linux.cpp.o[0m
[ 18%] [32mBuilding CXX object CMakeFiles/ydlidar_sdk.dir/core/serial/impl/unix/unix_serial.cpp.o[0m
[ 20%] [32mBuilding CXX object CMakeFiles/ydlidar_sdk.dir/src/CYdLidar.cpp.o[0m
[ 21%] [32mBuilding CXX object CMakeFiles/ydlidar_sdk.dir/src/DTSLidarDriver.cpp.o[0m
[ 23%] [32mBuilding CXX object CMakeFiles/ydlidar_sdk.dir/src/ETLidarDriver.cpp.o[0m
[ 25%] [32mBuilding CXX object CMakeFiles/ydlidar_sdk.dir/src/GSLidarDriver.cpp.o[0m
[ 27%] [32mBuilding CXX object CMakeFiles/ydlidar_sdk.dir/src/SDMLidarDriver.cpp.o[0m
[ 29%] [32mBuilding CXX object CMakeFiles/ydlidar_sdk.dir/src/TiaLidarDriver.cpp.o[0m
[ 30%] [32mBuilding CXX object CMakeFiles/ydlidar_sdk.dir/src/YDlidarDriver.cpp.o[0m
[ 32%] [32mBuilding CXX object CMakeFiles/ydlidar_sdk.dir/src/ydlidar_sdk.cpp.o[0m
[ 34%] [32mBuilding CXX object CMakeFiles/ydlidar_sdk.dir/src/filters/NoiseFilter.cpp.o[0m
[ 36%] [32mBuilding CXX object CMakeFiles/ydlidar_sdk.dir/src/filters/StrongLightFilter.cpp.o[0m
[ 38%] [32m[1mLinking CXX static library libydlidar_sdk.a[0m
[ 38%] Built target ydlidar_sdk
[35m[1mConsolidate compiler generated dependencies of target et_test[0m
[35m[1mConsolidate compiler generated dependencies of target gs_restart[0m
[35m[1mConsolidate compiler generated dependencies of target gs_test2[0m
[35m[1mConsolidate compiler generated dependencies of target gs_test[0m
[35m[1mConsolidate compiler generated dependencies of target sdm_test[0m
[35m[1mConsolidate compiler generated dependencies of target gs_ota[0m
[35m[1mConsolidate compiler generated dependencies of target scl_test[0m
[35m[1mConsolidate compiler generated dependencies of target sdm18_test[0m
[ 40%] [32mBuilding CXX object examples/CMakeFiles/gs_restart.dir/gs_restart.cpp.o[0m
[ 41%] [32mBuilding CXX object examples/CMakeFiles/et_test.dir/et_test.cpp.o[0m
[ 43%] [32mBuilding CXX object examples/CMakeFiles/gs_test2.dir/gs_test2.cpp.o[0m
[ 45%] [32mBuilding CXX object examples/CMakeFiles/gs_ota.dir/gs_ota.cpp.o[0m
[ 47%] [32mBuilding CXX object examples/CMakeFiles/gs_test.dir/gs_test.cpp.o[0m
[ 49%] [32mBuilding CXX object examples/CMakeFiles/scl_test.dir/scl_test.cpp.o[0m
[ 50%] [32mBuilding CXX object examples/CMakeFiles/sdm_test.dir/sdm_test.cpp.o[0m
[ 52%] [32mBuilding CXX object examples/CMakeFiles/sdm18_test.dir/sdm18_test.cpp.o[0m
[ 54%] [32m[1mLinking CXX executable ../et_test[0m
[ 56%] [32m[1mLinking CXX executable ../sdm18_test[0m
[ 58%] [32m[1mLinking CXX executable ../sdm_test[0m
[ 58%] Built target et_test
[ 60%] [32m[1mLinking CXX executable ../gs_restart[0m
[35m[1mConsolidate compiler generated dependencies of target tea_test[0m
[ 61%] [32m[1mLinking CXX executable ../scl_test[0m
[ 63%] [32m[1mLinking CXX executable ../gs_ota[0m
[ 65%] [32mBuilding CXX object examples/CMakeFiles/tea_test.dir/tea_test.cpp.o[0m
[ 65%] Built target sdm18_test
[ 67%] [32m[1mLinking CXX executable ../gs_test[0m
[35m[1mConsolidate compiler generated dependencies of target tia_test[0m
[ 69%] [32mBuilding CXX object examples/CMakeFiles/tia_test.dir/tia_test.cpp.o[0m
[ 69%] Built target gs_restart
[ 69%] Built target sdm_test
[ 69%] Built target gs_ota
[35m[1mConsolidate compiler generated dependencies of target tmini-sh_test[0m
[35m[1mConsolidate compiler generated dependencies of target tof_test[0m
[35m[1mConsolidate compiler generated dependencies of target tmini_test[0m
[ 70%] [32mBuilding CXX object examples/CMakeFiles/tmini-sh_test.dir/tmini-sh_test.cpp.o[0m
[ 72%] [32mBuilding CXX object examples/CMakeFiles/tof_test.dir/tof_test.cpp.o[0m
[ 74%] [32mBuilding CXX object examples/CMakeFiles/tmini_test.dir/tmini_test.cpp.o[0m
[ 76%] [32m[1mLinking CXX executable ../gs_test2[0m
[ 76%] Built target scl_test
[35m[1mConsolidate compiler generated dependencies of target tri_and_gs_test[0m
[ 76%] Built target gs_test
[ 78%] [32mBuilding CXX object examples/CMakeFiles/tri_and_gs_test.dir/tri_and_gs_test.cpp.o[0m
[35m[1mConsolidate compiler generated dependencies of target tri_restart[0m
[ 80%] [32mBuilding CXX object examples/CMakeFiles/tri_restart.dir/tri_restart.cpp.o[0m
[ 80%] Built target gs_test2
[35m[1mConsolidate compiler generated dependencies of target tri_test[0m
[ 81%] [32mBuilding CXX object examples/CMakeFiles/tri_test.dir/tri_test.cpp.o[0m
[ 83%] [32m[1mLinking CXX executable ../tea_test[0m
[ 85%] [32m[1mLinking CXX executable ../tia_test[0m
[ 87%] [32m[1mLinking CXX executable ../tri_and_gs_test[0m
[ 89%] [32m[1mLinking CXX executable ../tmini-sh_test[0m
[ 90%] [32m[1mLinking CXX executable ../tri_restart[0m
[ 92%] [32m[1mLinking CXX executable ../tmini_test[0m
[ 92%] Built target tea_test
[35m[1mConsolidate compiler generated dependencies of target lidar_c_api_test[0m
[ 94%] [32m[1mLinking CXX executable ../tof_test[0m
[ 94%] Built target tia_test
[ 96%] [32mBuilding C object examples/CMakeFiles/lidar_c_api_test.dir/lidar_c_api_test.c.o[0m
[ 98%] [32m[1mLinking CXX executable ../lidar_c_api_test[0m
[ 98%] Built target tri_and_gs_test
[ 98%] Built target tmini-sh_test
[ 98%] Built target tri_restart
[ 98%] Built target tmini_test
[ 98%] Built target tof_test
[ 98%] Built target lidar_c_api_test
[100%] [32m[1mLinking CXX executable ../tri_test[0m
[100%] Built target tri_test
-- Install configuration: ""
-- Installing: /home/baehh/ros2_ws/install/ydlidar_sdk/include/core/base/datatype.h
-- Installing: /home/baehh/ros2_ws/install/ydlidar_sdk/include/core/base/locker.h
-- Installing: /home/baehh/ros2_ws/install/ydlidar_sdk/include/core/base/thread.h
-- Installing: /home/baehh/ros2_ws/install/ydlidar_sdk/include/core/base/timer.h
-- Installing: /home/baehh/ros2_ws/install/ydlidar_sdk/include/core/base/typedef.h
-- Installing: /home/baehh/ros2_ws/install/ydlidar_sdk/include/core/base/utils.h
-- Installing: /home/baehh/ros2_ws/install/ydlidar_sdk/include/core/base/v8stdint.h
-- Installing: /home/baehh/ros2_ws/install/ydlidar_sdk/include/core/base/ydlidar.h
-- Installing: /home/baehh/ros2_ws/install/ydlidar_sdk/include/core/common/ChannelDevice.h
-- Installing: /home/baehh/ros2_ws/install/ydlidar_sdk/include/core/common/DriverInterface.h
-- Installing: /home/baehh/ros2_ws/install/ydlidar_sdk/include/core/common/ydlidar_datatype.h
-- Installing: /home/baehh/ros2_ws/install/ydlidar_sdk/include/core/common/ydlidar_def.h
-- Installing: /home/baehh/ros2_ws/install/ydlidar_sdk/include/core/common/ydlidar_help.h
-- Installing: /home/baehh/ros2_ws/install/ydlidar_sdk/include/core/common/ydlidar_protocol.h
-- Installing: /home/baehh/ros2_ws/install/ydlidar_sdk/include/core/json/cJSON.h
-- Installing: /home/baehh/ros2_ws/install/ydlidar_sdk/include/core/math/angles.h
-- Installing: /home/baehh/ros2_ws/install/ydlidar_sdk/include/core/network/ActiveSocket.h
-- Installing: /home/baehh/ros2_ws/install/ydlidar_sdk/include/core/network/PassiveSocket.h
-- Installing: /home/baehh/ros2_ws/install/ydlidar_sdk/include/core/network/SimpleSocket.h
-- Installing: /home/baehh/ros2_ws/install/ydlidar_sdk/include/core/network/StatTimer.h
-- Installing: /home/baehh/ros2_ws/install/ydlidar_sdk/include/core/serial/common.h
-- Installing: /home/baehh/ros2_ws/install/ydlidar_sdk/include/core/serial/serial.h
-- Installing: /home/baehh/ros2_ws/install/ydlidar_sdk/include/core/serial/impl/unix/lock.h
-- Installing: /home/baehh/ros2_ws/install/ydlidar_sdk/include/core/serial/impl/unix/unix.h
-- Installing: /home/baehh/ros2_ws/install/ydlidar_sdk/include/core/serial/impl/unix/unix_serial.h
-- Installing: /home/baehh/ros2_ws/install/ydlidar_sdk/include/src/CYdLidar.h
-- Installing: /home/baehh/ros2_ws/install/ydlidar_sdk/include/src/DTSLidarDriver.h
-- Installing: /home/baehh/ros2_ws/install/ydlidar_sdk/include/src/ETLidarDriver.h
-- Installing: /home/baehh/ros2_ws/install/ydlidar_sdk/include/src/GSLidarDriver.h
-- Installing: /home/baehh/ros2_ws/install/ydlidar_sdk/include/src/SDMLidarDriver.h
-- Installing: /home/baehh/ros2_ws/install/ydlidar_sdk/include/src/TiaLidarDriver.h
-- Installing: /home/baehh/ros2_ws/install/ydlidar_sdk/include/src/YDlidarDriver.h
-- Installing: /home/baehh/ros2_ws/install/ydlidar_sdk/include/src/ydlidar_sdk.h
-- Installing: /home/baehh/ros2_ws/install/ydlidar_sdk/include/src/filters/FilterInterface.h
-- Installing: /home/baehh/ros2_ws/install/ydlidar_sdk/include/src/filters/NoiseFilter.h
-- Installing: /home/baehh/ros2_ws/install/ydlidar_sdk/include/src/filters/StrongLightFilter.h
-- Up-to-date: /home/baehh/ros2_ws/install/ydlidar_sdk/include/ydlidar_config.h
-- Installing: /home/baehh/ros2_ws/install/ydlidar_sdk/lib/libydlidar_sdk.a
-- Up-to-date: /home/baehh/ros2_ws/install/ydlidar_sdk/lib/pkgconfig/YDLIDAR_SDK.pc
-- Up-to-date: /home/baehh/ros2_ws/install/ydlidar_sdk/lib/cmake/ydlidar_sdk/ydlidar_sdkConfig.cmake
-- Installing: /home/baehh/ros2_ws/install/ydlidar_sdk/lib/cmake/ydlidar_sdk/ydlidar_sdkTargets.cmake
-- Up-to-date: /home/baehh/ros2_ws/install/ydlidar_sdk/lib/cmake/ydlidar_sdk/ydlidar_sdkConfigVersion.cmake
-- Up-to-date: /home/baehh/ros2_ws/install/ydlidar_sdk/share/YDLIDAR_SDK/FindYDLIDAR_SDK.cmake
-- Up-to-date: /home/baehh/ros2_ws/install/ydlidar_sdk/share/YDLIDAR_SDK
-- Installing: /home/baehh/ros2_ws/install/ydlidar_sdk/share/YDLIDAR_SDK/script_show_final_summary.cmake
-- Installing: /home/baehh/ros2_ws/install/ydlidar_sdk/share/YDLIDAR_SDK/cmake_uninstall.cmake.in
-- Installing: /home/baehh/ros2_ws/install/ydlidar_sdk/share/YDLIDAR_SDK/PkgConfig.pc.in
-- Installing: /home/baehh/ros2_ws/install/ydlidar_sdk/share/YDLIDAR_SDK/install_package.cmake
-- Installing: /home/baehh/ros2_ws/install/ydlidar_sdk/share/YDLIDAR_SDK/FindPackage.cmake.in
-- Installing: /home/baehh/ros2_ws/install/ydlidar_sdk/share/YDLIDAR_SDK/PackageConfig.cmake.in
-- Up-to-date: /home/baehh/ros2_ws/install/ydlidar_sdk/share/YDLIDAR_SDK/common
-- Installing: /home/baehh/ros2_ws/install/ydlidar_sdk/share/YDLIDAR_SDK/common/ydlidar_parse.cmake
-- Installing: /home/baehh/ros2_ws/install/ydlidar_sdk/share/YDLIDAR_SDK/common/ydlidar_base.cmake
-- Installing: /home/baehh/ros2_ws/install/ydlidar_sdk/share/YDLIDAR_SDK/PackageConfigVersion.cmake.in
-- Installing: /home/baehh/ros2_ws/install/ydlidar_sdk/share/YDLIDAR_SDK/LICENSE.txt
-- Installing: /home/baehh/ros2_ws/install/ydlidar_sdk/share/YDLIDAR_SDK/README.md
-- Up-to-date: /home/baehh/ros2_ws/install/ydlidar_sdk/share/YDLIDAR_SDK/doc
-- Installing: /home/baehh/ros2_ws/install/ydlidar_sdk/share/YDLIDAR_SDK/doc/YDLidar-SDK-Communication-Protocol.md
-- Up-to-date: /home/baehh/ros2_ws/install/ydlidar_sdk/share/YDLIDAR_SDK/doc/quickstart
-- Installing: /home/baehh/ros2_ws/install/ydlidar_sdk/share/YDLIDAR_SDK/doc/quickstart/ydlidar_sdk_software_installation_guide.md
-- Installing: /home/baehh/ros2_ws/install/ydlidar_sdk/share/YDLIDAR_SDK/doc/quickstart/README.md
-- Installing: /home/baehh/ros2_ws/install/ydlidar_sdk/share/YDLIDAR_SDK/doc/Dataset.md
-- Up-to-date: /home/baehh/ros2_ws/install/ydlidar_sdk/share/YDLIDAR_SDK/doc/tutorials
-- Installing: /home/baehh/ros2_ws/install/ydlidar_sdk/share/YDLIDAR_SDK/doc/tutorials/examine_the_simple_lidar_tutorial.md
-- Installing: /home/baehh/ros2_ws/install/ydlidar_sdk/share/YDLIDAR_SDK/doc/tutorials/writing_lidar_tutorial_c++.md
-- Installing: /home/baehh/ros2_ws/install/ydlidar_sdk/share/YDLIDAR_SDK/doc/tutorials/writing_lidar_tutorial_python.md
-- Installing: /home/baehh/ros2_ws/install/ydlidar_sdk/share/YDLIDAR_SDK/doc/tutorials/writing_lidar_network_adapter_tutorial_c++.md
-- Installing: /home/baehh/ros2_ws/install/ydlidar_sdk/share/YDLIDAR_SDK/doc/tutorials/writing_lidar_tutorial_c.md
-- Up-to-date: /home/baehh/ros2_ws/install/ydlidar_sdk/share/YDLIDAR_SDK/doc/howto
-- Installing: /home/baehh/ros2_ws/install/ydlidar_sdk/share/YDLIDAR_SDK/doc/howto/how_to_build_and_install.md
-- Installing: /home/baehh/ros2_ws/install/ydlidar_sdk/share/YDLIDAR_SDK/doc/howto/how_to_solve_slow_pull_from_cn.md
-- Installing: /home/baehh/ros2_ws/install/ydlidar_sdk/share/YDLIDAR_SDK/doc/howto/how_to_create_a_pull.md
-- Installing: /home/baehh/ros2_ws/install/ydlidar_sdk/share/YDLIDAR_SDK/doc/howto/README.md
-- Installing: /home/baehh/ros2_ws/install/ydlidar_sdk/share/YDLIDAR_SDK/doc/howto/how_to_build_and_debug_using_vscode.md
-- Up-to-date: /home/baehh/ros2_ws/install/ydlidar_sdk/share/YDLIDAR_SDK/doc/howto/images
-- Installing: /home/baehh/ros2_ws/install/ydlidar_sdk/share/YDLIDAR_SDK/doc/howto/images/csharp_exception.png
-- Installing: /home/baehh/ros2_ws/install/ydlidar_sdk/share/YDLIDAR_SDK/doc/howto/images/csharp_project.png
-- Installing: /home/baehh/ros2_ws/install/ydlidar_sdk/share/YDLIDAR_SDK/doc/howto/images/sequence.png
-- Installing: /home/baehh/ros2_ws/install/ydlidar_sdk/share/YDLIDAR_SDK/doc/howto/images/csharp_build.png
-- Up-to-date: /home/baehh/ros2_ws/install/ydlidar_sdk/share/YDLIDAR_SDK/doc/howto/images/vscode
-- Installing: /home/baehh/ros2_ws/install/ydlidar_sdk/share/YDLIDAR_SDK/doc/howto/images/vscode/run_tasks.jpg
-- Installing: /home/baehh/ros2_ws/install/ydlidar_sdk/share/YDLIDAR_SDK/doc/howto/images/vscode/tasks.png
-- Installing: /home/baehh/ros2_ws/install/ydlidar_sdk/share/YDLIDAR_SDK/doc/howto/images/ttyUSB0.png
-- Installing: /home/baehh/ros2_ws/install/ydlidar_sdk/share/YDLIDAR_SDK/doc/howto/images/csharp_running.png
-- Installing: /home/baehh/ros2_ws/install/ydlidar_sdk/share/YDLIDAR_SDK/doc/howto/images/sdk_init.png
-- Installing: /home/baehh/ros2_ws/install/ydlidar_sdk/share/YDLIDAR_SDK/doc/howto/images/ttyUSB1.png
-- Installing: /home/baehh/ros2_ws/install/ydlidar_sdk/share/YDLIDAR_SDK/doc/howto/images/ydlidar_lidar_monitor.png
-- Installing: /home/baehh/ros2_ws/install/ydlidar_sdk/share/YDLIDAR_SDK/doc/howto/images/cpack.png
-- Installing: /home/baehh/ros2_ws/install/ydlidar_sdk/share/YDLIDAR_SDK/doc/howto/images/csharp_library.png
-- Installing: /home/baehh/ros2_ws/install/ydlidar_sdk/share/YDLIDAR_SDK/doc/howto/images/sdk_scanning.png
-- Installing: /home/baehh/ros2_ws/install/ydlidar_sdk/share/YDLIDAR_SDK/doc/howto/how_to_create_a_csharp_project.md
-- Installing: /home/baehh/ros2_ws/install/ydlidar_sdk/share/YDLIDAR_SDK/doc/howto/how_to_create_a_udev_rules.md
-- Installing: /home/baehh/ros2_ws/install/ydlidar_sdk/share/YDLIDAR_SDK/doc/howto/how_to_gerenrate_vs_project_by_cmake.md
-- Installing: /home/baehh/ros2_ws/install/ydlidar_sdk/share/YDLIDAR_SDK/doc/YDLidar_SDK_Communication_Protocol.pdf
-- Installing: /home/baehh/ros2_ws/install/ydlidar_sdk/share/YDLIDAR_SDK/doc/SDK.pdf
-- Installing: /home/baehh/ros2_ws/install/ydlidar_sdk/share/YDLIDAR_SDK/doc/README.md
-- Installing: /home/baehh/ros2_ws/install/ydlidar_sdk/share/YDLIDAR_SDK/doc/YDLidar-SDK-Communication-Protocol.html
-- Installing: /home/baehh/ros2_ws/install/ydlidar_sdk/share/YDLIDAR_SDK/doc/YDLIDAR_SDK_API_for_Developers.md
-- Up-to-date: /home/baehh/ros2_ws/install/ydlidar_sdk/share/YDLIDAR_SDK/doc/images
-- Installing: /home/baehh/ros2_ws/install/ydlidar_sdk/share/YDLIDAR_SDK/doc/images/frame.png
-- Installing: /home/baehh/ros2_ws/install/ydlidar_sdk/share/YDLIDAR_SDK/doc/images/frame_intensity.png
-- Installing: /home/baehh/ros2_ws/install/ydlidar_sdk/share/YDLIDAR_SDK/doc/images/sequence.png
-- Installing: /home/baehh/ros2_ws/install/ydlidar_sdk/share/YDLIDAR_SDK/doc/images/YDLidar.png
-- Installing: /home/baehh/ros2_ws/install/ydlidar_sdk/share/YDLIDAR_SDK/doc/images/communication_mechanism.png
-- Installing: /home/baehh/ros2_ws/install/ydlidar_sdk/share/YDLIDAR_SDK/doc/images/EAI.png
-- Installing: /home/baehh/ros2_ws/install/ydlidar_sdk/share/YDLIDAR_SDK/doc/images/YDLidar.jpg
-- Installing: /home/baehh/ros2_ws/install/ydlidar_sdk/share/YDLIDAR_SDK/doc/images/angle_q2.png
-- Installing: /home/baehh/ros2_ws/install/ydlidar_sdk/share/YDLIDAR_SDK/doc/images/sdk_architecture.png
-- Installing: /home/baehh/ros2_ws/install/ydlidar_sdk/share/YDLIDAR_SDK/doc/images/FlowChart.png
-- Installing: /home/baehh/ros2_ws/install/ydlidar_sdk/share/YDLIDAR_SDK/doc/images/sdk_init.png
-- Installing: /home/baehh/ros2_ws/install/ydlidar_sdk/share/YDLIDAR_SDK/doc/images/system_workflow.png
-- Installing: /home/baehh/ros2_ws/install/ydlidar_sdk/share/YDLIDAR_SDK/doc/images/sdk_scanning.png
-- Installing: /home/baehh/ros2_ws/install/ydlidar_sdk/share/YDLIDAR_SDK/doc/Tutorials.md
-- Installing: /home/baehh/ros2_ws/install/ydlidar_sdk/share/YDLIDAR_SDK/doc/Diagram.md
-- Installing: /home/baehh/ros2_ws/install/ydlidar_sdk/share/YDLIDAR_SDK/doc/YDLidar-SDK-Communication-Protocol.pdf
-- Up-to-date: /home/baehh/ros2_ws/install/ydlidar_sdk/share/YDLIDAR_SDK/doc/FAQs
-- Installing: /home/baehh/ros2_ws/install/ydlidar_sdk/share/YDLIDAR_SDK/doc/FAQs/README.md
-- Installing: /home/baehh/ros2_ws/install/ydlidar_sdk/share/YDLIDAR_SDK/doc/FAQs/Hardware_FAQs.md
-- Installing: /home/baehh/ros2_ws/install/ydlidar_sdk/share/YDLIDAR_SDK/doc/FAQs/Hardware_FAQs_cn.md
-- Installing: /home/baehh/ros2_ws/install/ydlidar_sdk/share/YDLIDAR_SDK/doc/FAQs/Software_FAQs_cn.md
-- Installing: /home/baehh/ros2_ws/install/ydlidar_sdk/share/YDLIDAR_SDK/doc/FAQs/Software_FAQs.md
-- Installing: /home/baehh/ros2_ws/install/ydlidar_sdk/share/YDLIDAR_SDK/doc/FAQs/General_FAQs_cn.md
-- Installing: /home/baehh/ros2_ws/install/ydlidar_sdk/share/YDLIDAR_SDK/doc/FAQs/General_FAQs.md
-- Installing: /home/baehh/ros2_ws/install/ydlidar_sdk/startup/initenv.sh
-- Installing: /home/baehh/ros2_ws/install/ydlidar_sdk/bin/et_test
-- Installing: /home/baehh/ros2_ws/install/ydlidar_sdk/bin/gs_ota
-- Installing: /home/baehh/ros2_ws/install/ydlidar_sdk/bin/gs_restart
-- Installing: /home/baehh/ros2_ws/install/ydlidar_sdk/bin/gs_test
-- Installing: /home/baehh/ros2_ws/install/ydlidar_sdk/bin/gs_test2
-- Installing: /home/baehh/ros2_ws/install/ydlidar_sdk/bin/scl_test
-- Installing: /home/baehh/ros2_ws/install/ydlidar_sdk/bin/sdm18_test
-- Installing: /home/baehh/ros2_ws/install/ydlidar_sdk/bin/sdm_test
-- Installing: /home/baehh/ros2_ws/install/ydlidar_sdk/bin/tea_test
-- Installing: /home/baehh/ros2_ws/install/ydlidar_sdk/bin/tia_test
-- Installing: /home/baehh/ros2_ws/install/ydlidar_sdk/bin/tmini-sh_test
-- Installing: /home/baehh/ros2_ws/install/ydlidar_sdk/bin/tmini_test
-- Installing: /home/baehh/ros2_ws/install/ydlidar_sdk/bin/tof_test
-- Installing: /home/baehh/ros2_ws/install/ydlidar_sdk/bin/tri_and_gs_test
-- Installing: /home/baehh/ros2_ws/install/ydlidar_sdk/bin/tri_restart
-- Installing: /home/baehh/ros2_ws/install/ydlidar_sdk/bin/tri_test
-- Installing: /home/baehh/ros2_ws/install/ydlidar_sdk/bin/lidar_c_api_test
