[0.698s] Invoking command in '/home/baehh/ros2_ws/build/py_pubsub': PYTHONPATH=/home/baehh/ros2_ws/build/py_pubsub/prefix_override:/usr/lib/python3/dist-packages/colcon_core/task/python/colcon_distutils_commands:/home/baehh/ros2_ws/install/py_pubsub/lib/python3.10/site-packages:${PYTHONPATH} /usr/bin/python3 -W ignore:setup.py install is deprecated -W ignore:easy_install command is deprecated setup.py develop --editable --build-directory /home/baehh/ros2_ws/build/py_pubsub/build --no-deps symlink_data
[0.931s] running develop
[1.065s] running egg_info
[1.065s] creating py_pubsub.egg-info
[1.065s] writing py_pubsub.egg-info/PKG-INFO
[1.065s] writing dependency_links to py_pubsub.egg-info/dependency_links.txt
[1.066s] writing entry points to py_pubsub.egg-info/entry_points.txt
[1.066s] writing requirements to py_pubsub.egg-info/requires.txt
[1.066s] writing top-level names to py_pubsub.egg-info/top_level.txt
[1.066s] writing manifest file 'py_pubsub.egg-info/SOURCES.txt'
[1.069s] reading manifest file 'py_pubsub.egg-info/SOURCES.txt'
[1.070s] writing manifest file 'py_pubsub.egg-info/SOURCES.txt'
[1.072s] running build_ext
[1.072s] Creating /home/baehh/ros2_ws/install/py_pubsub/lib/python3.10/site-packages/py-pubsub.egg-link (link to .)
[1.073s] Installing listener script to /home/baehh/ros2_ws/install/py_pubsub/lib/py_pubsub
[1.074s] Installing talker script to /home/baehh/ros2_ws/install/py_pubsub/lib/py_pubsub
[1.074s] 
[1.074s] Installed /home/baehh/ros2_ws/build/py_pubsub
[1.074s] running symlink_data
[1.074s] creating /home/baehh/ros2_ws/install/py_pubsub/share/ament_index
[1.075s] creating /home/baehh/ros2_ws/install/py_pubsub/share/ament_index/resource_index
[1.075s] creating /home/baehh/ros2_ws/install/py_pubsub/share/ament_index/resource_index/packages
[1.075s] symbolically linking /home/baehh/ros2_ws/build/py_pubsub/resource/py_pubsub -> /home/baehh/ros2_ws/install/py_pubsub/share/ament_index/resource_index/packages
[1.075s] symbolically linking /home/baehh/ros2_ws/build/py_pubsub/package.xml -> /home/baehh/ros2_ws/install/py_pubsub/share/py_pubsub
[1.075s] creating /home/baehh/ros2_ws/install/py_pubsub/share/py_pubsub/launch
[1.076s] symbolically linking /home/baehh/ros2_ws/build/py_pubsub/launch/talker_listener.launch.py -> /home/baehh/ros2_ws/install/py_pubsub/share/py_pubsub/launch
[1.103s] Invoked command in '/home/baehh/ros2_ws/build/py_pubsub' returned '0': PYTHONPATH=/home/baehh/ros2_ws/build/py_pubsub/prefix_override:/usr/lib/python3/dist-packages/colcon_core/task/python/colcon_distutils_commands:/home/baehh/ros2_ws/install/py_pubsub/lib/python3.10/site-packages:${PYTHONPATH} /usr/bin/python3 -W ignore:setup.py install is deprecated -W ignore:easy_install command is deprecated setup.py develop --editable --build-directory /home/baehh/ros2_ws/build/py_pubsub/build --no-deps symlink_data
